@31: info: reg=0 got 00000000 was -0000001
@31: info: reg=1 got 00000000 was -0000001
@31: info: reg=2 got 00000000 was -0000001
@31: info: reg=3 got 00000000 was -0000001
@31: info: reg=4 got 00000000 was -0000001
@31: info: reg=5 got 00000000 was -0000001
@31: info: reg=6 got 00000000 was -0000001
@31: info: reg=7 got 00000000 was -0000001
@31: info: reg=8 got 00000000 was -0000001
@31: info: reg=9 got 00000000 was -0000001
@31: info: reg=a got 00000000 was -0000001
@31: info: reg=b got 00000000 was -0000001
@31: info: reg=c got 00000000 was -0000001
@31: info: reg=d got 00000000 was -0000001
@31: info: reg=e got 00000000 was -0000001
@31: info: reg=f got 00000000 was -0000001
@31: info: reg=10 got 00000000 was -0000001
@31: info: reg=11 got 00000000 was -0000001
@31: info: reg=12 got 00000000 was -0000001
@31: info: reg=13 got 00000000 was -0000001
@31: info: reg=14 got 00000000 was -0000001
@31: info: reg=15 got 00000000 was -0000001
@31: info: reg=16 got 00000000 was -0000001
@31: info: reg=17 got 00000000 was -0000001
@31: info: reg=18 got 00000000 was -0000001
@31: info: reg=19 got 00000000 was -0000001
@31: info: reg=1a got 00000000 was -0000001
@31: info: reg=1b got 00000000 was -0000001
@31: info: reg=1c got 00000000 was -0000001
@31: info: reg=1d got 00000000 was -0000001
@31: info: reg=1e got 00000000 was -0000001
@31: info: reg=1f got 00000000 was -0000001
@32: info: served addr=20 data=130101ff
@36: info: served addr=21 data=23341100
@37: info: served addr=22 data=23308100
@39: info: reg=8 got 000000a0 was 00000000
@41: info: served addr=21 data=23341100
@42: info: served addr=22 data=23308100
@46: info: served addr=21 data=23341100
@47: info: served addr=22 data=23308100
@51: info: served addr=21 data=23341100
@52: info: served addr=22 data=23308100
@56: info: served addr=21 data=23341100
@57: info: served addr=22 data=23308100
@61: info: served addr=21 data=23341100
@62: info: served addr=22 data=23308100
@66: info: served addr=21 data=23341100
@67: info: served addr=22 data=23308100
@71: info: served addr=21 data=23341100
@72: info: served addr=22 data=23308100
@76: info: served addr=21 data=23341100
@77: info: served addr=22 data=23308100
@81: info: served addr=21 data=23341100
@82: info: served addr=22 data=23308100
@86: info: served addr=21 data=23341100
@87: info: served addr=22 data=23308100
@91: info: served addr=21 data=23341100
@92: info: served addr=22 data=23308100
@96: info: served addr=21 data=23341100
@97: info: served addr=22 data=23308100
@101: info: served addr=21 data=23341100
@102: info: served addr=22 data=23308100
@106: info: served addr=21 data=23341100
@107: info: served addr=22 data=23308100
@111: info: served addr=21 data=23341100
@112: info: served addr=22 data=23308100
@116: info: served addr=21 data=23341100
@117: info: served addr=22 data=23308100
@121: info: served addr=21 data=23341100
@122: info: served addr=22 data=23308100
@126: info: served addr=21 data=23341100
@127: info: served addr=22 data=23308100
@131: info: served addr=21 data=23341100
@132: info: served addr=22 data=23308100
@136: info: served addr=21 data=23341100
@137: info: served addr=22 data=23308100
@141: info: served addr=21 data=23341100
@142: info: served addr=22 data=23308100
@146: info: served addr=21 data=23341100
@147: info: served addr=22 data=23308100
@151: info: served addr=21 data=23341100
@152: info: served addr=22 data=23308100
@156: info: served addr=21 data=23341100
@157: info: served addr=22 data=23308100
@161: info: served addr=21 data=23341100
@162: info: served addr=22 data=23308100
@166: info: served addr=21 data=23341100
@167: info: served addr=22 data=23308100
@171: info: served addr=21 data=23341100
@172: info: served addr=22 data=23308100
@176: info: served addr=21 data=23341100
@177: info: served addr=22 data=23308100
@181: info: served addr=21 data=23341100
@182: info: served addr=22 data=23308100
@186: info: served addr=21 data=23341100
@187: info: served addr=22 data=23308100
@191: info: served addr=21 data=23341100
@192: info: served addr=22 data=23308100
@196: info: served addr=21 data=23341100
@197: info: served addr=22 data=23308100
@201: info: served addr=21 data=23341100
@202: info: served addr=22 data=23308100
@206: info: served addr=21 data=23341100
@207: info: served addr=22 data=23308100
@211: info: served addr=21 data=23341100
@212: info: served addr=22 data=23308100
@216: info: served addr=21 data=23341100
@217: info: served addr=22 data=23308100
@221: info: served addr=21 data=23341100
@222: info: served addr=22 data=23308100
@226: info: served addr=21 data=23341100
@227: info: served addr=22 data=23308100
@231: info: served addr=21 data=23341100
@232: info: served addr=22 data=23308100
@236: info: served addr=21 data=23341100
@237: info: served addr=22 data=23308100
@241: info: served addr=21 data=23341100
@242: info: served addr=22 data=23308100
@246: info: served addr=21 data=23341100
@247: info: served addr=22 data=23308100
@251: info: served addr=21 data=23341100
@252: info: served addr=22 data=23308100
@256: info: served addr=21 data=23341100
@257: info: served addr=22 data=23308100
@261: info: served addr=21 data=23341100
@262: info: served addr=22 data=23308100
@266: info: served addr=21 data=23341100
@267: info: served addr=22 data=23308100
@271: info: served addr=21 data=23341100
@272: info: served addr=22 data=23308100
@276: info: served addr=21 data=23341100
@277: info: served addr=22 data=23308100
@281: info: served addr=21 data=23341100
@282: info: served addr=22 data=23308100
@286: info: served addr=21 data=23341100
@287: info: served addr=22 data=23308100
@291: info: served addr=21 data=23341100
@292: info: served addr=22 data=23308100
@296: info: served addr=21 data=23341100
@297: info: served addr=22 data=23308100
@301: info: served addr=21 data=23341100
@302: info: served addr=22 data=23308100
@306: info: served addr=21 data=23341100
@307: info: served addr=22 data=23308100
@311: info: served addr=21 data=23341100
@312: info: served addr=22 data=23308100
@316: info: served addr=21 data=23341100
@317: info: served addr=22 data=23308100
@321: info: served addr=21 data=23341100
@322: info: served addr=22 data=23308100
@326: info: served addr=21 data=23341100
@327: info: served addr=22 data=23308100
@331: info: served addr=21 data=23341100
@332: info: served addr=22 data=23308100
@336: info: served addr=21 data=23341100
@337: info: served addr=22 data=23308100
@341: info: served addr=21 data=23341100
@342: info: served addr=22 data=23308100
@346: info: served addr=21 data=23341100
@347: info: served addr=22 data=23308100
@351: info: served addr=21 data=23341100
@352: info: served addr=22 data=23308100
@356: info: served addr=21 data=23341100
@357: info: served addr=22 data=23308100
@361: info: served addr=21 data=23341100
@362: info: served addr=22 data=23308100
@366: info: served addr=21 data=23341100
@367: info: served addr=22 data=23308100
@371: info: served addr=21 data=23341100
@372: info: served addr=22 data=23308100
@376: info: served addr=21 data=23341100
@377: info: served addr=22 data=23308100
@381: info: served addr=21 data=23341100
@382: info: served addr=22 data=23308100
@386: info: served addr=21 data=23341100
@387: info: served addr=22 data=23308100
@391: info: served addr=21 data=23341100
@392: info: served addr=22 data=23308100
@396: info: served addr=21 data=23341100
@397: info: served addr=22 data=23308100
@401: info: served addr=21 data=23341100
@402: info: served addr=22 data=23308100
@406: info: served addr=21 data=23341100
@407: info: served addr=22 data=23308100
@411: info: served addr=21 data=23341100
@412: info: served addr=22 data=23308100
@416: info: served addr=21 data=23341100
@417: info: served addr=22 data=23308100
@421: info: served addr=21 data=23341100
@422: info: served addr=22 data=23308100
@426: info: served addr=21 data=23341100
@427: info: served addr=22 data=23308100
@431: info: served addr=21 data=23341100
@432: info: served addr=22 data=23308100
@436: info: served addr=21 data=23341100
@437: info: served addr=22 data=23308100
@441: info: served addr=21 data=23341100
@442: info: served addr=22 data=23308100
@446: info: served addr=21 data=23341100
@447: info: served addr=22 data=23308100
@451: info: served addr=21 data=23341100
@452: info: served addr=22 data=23308100
@456: info: served addr=21 data=23341100
@457: info: served addr=22 data=23308100
@461: info: served addr=21 data=23341100
@462: info: served addr=22 data=23308100
@466: info: served addr=21 data=23341100
@467: info: served addr=22 data=23308100
@471: info: served addr=21 data=23341100
@472: info: served addr=22 data=23308100
@476: info: served addr=21 data=23341100
@477: info: served addr=22 data=23308100
@481: info: served addr=21 data=23341100
@482: info: served addr=22 data=23308100
@486: info: served addr=21 data=23341100
@487: info: served addr=22 data=23308100
@491: info: served addr=21 data=23341100
@492: info: served addr=22 data=23308100
@496: info: served addr=21 data=23341100
@497: info: served addr=22 data=23308100
@501: info: served addr=21 data=23341100
@502: info: served addr=22 data=23308100
@506: info: served addr=21 data=23341100
@507: info: served addr=22 data=23308100
@511: info: served addr=21 data=23341100
@512: info: served addr=22 data=23308100
@516: info: served addr=21 data=23341100
@517: info: served addr=22 data=23308100
@521: info: served addr=21 data=23341100
@522: info: served addr=22 data=23308100
@526: info: served addr=21 data=23341100
@527: info: served addr=22 data=23308100
@531: info: served addr=21 data=23341100
@532: info: served addr=22 data=23308100
@536: info: served addr=21 data=23341100
@537: info: served addr=22 data=23308100
@541: info: served addr=21 data=23341100
@542: info: served addr=22 data=23308100
@546: info: served addr=21 data=23341100
@547: info: served addr=22 data=23308100
@551: info: served addr=21 data=23341100
@552: info: served addr=22 data=23308100
@556: info: served addr=21 data=23341100
@557: info: served addr=22 data=23308100
@561: info: served addr=21 data=23341100
@562: info: served addr=22 data=23308100
@566: info: served addr=21 data=23341100
@567: info: served addr=22 data=23308100
@571: info: served addr=21 data=23341100
@572: info: served addr=22 data=23308100
@576: info: served addr=21 data=23341100
@577: info: served addr=22 data=23308100
@581: info: served addr=21 data=23341100
@582: info: served addr=22 data=23308100
@586: info: served addr=21 data=23341100
@587: info: served addr=22 data=23308100
@591: info: served addr=21 data=23341100
@592: info: served addr=22 data=23308100
@596: info: served addr=21 data=23341100
@597: info: served addr=22 data=23308100
@601: info: served addr=21 data=23341100
@602: info: served addr=22 data=23308100
@606: info: served addr=21 data=23341100
@607: info: served addr=22 data=23308100
@611: info: served addr=21 data=23341100
@612: info: served addr=22 data=23308100
@616: info: served addr=21 data=23341100
@617: info: served addr=22 data=23308100
@621: info: served addr=21 data=23341100
@622: info: served addr=22 data=23308100
@626: info: served addr=21 data=23341100
@627: info: served addr=22 data=23308100
@631: info: served addr=21 data=23341100
@632: info: served addr=22 data=23308100
@636: info: served addr=21 data=23341100
@637: info: served addr=22 data=23308100
@641: info: served addr=21 data=23341100
@642: info: served addr=22 data=23308100
@646: info: served addr=21 data=23341100
@647: info: served addr=22 data=23308100
@651: info: served addr=21 data=23341100
@652: info: served addr=22 data=23308100
@656: info: served addr=21 data=23341100
@657: info: served addr=22 data=23308100
@661: info: served addr=21 data=23341100
@662: info: served addr=22 data=23308100
@666: info: served addr=21 data=23341100
@667: info: served addr=22 data=23308100
@671: info: served addr=21 data=23341100
@672: info: served addr=22 data=23308100
@676: info: served addr=21 data=23341100
@677: info: served addr=22 data=23308100
@681: info: served addr=21 data=23341100
@682: info: served addr=22 data=23308100
@686: info: served addr=21 data=23341100
@687: info: served addr=22 data=23308100
@691: info: served addr=21 data=23341100
@692: info: served addr=22 data=23308100
@696: info: served addr=21 data=23341100
@697: info: served addr=22 data=23308100
@701: info: served addr=21 data=23341100
@702: info: served addr=22 data=23308100
@706: info: served addr=21 data=23341100
@707: info: served addr=22 data=23308100
@711: info: served addr=21 data=23341100
@712: info: served addr=22 data=23308100
@716: info: served addr=21 data=23341100
@717: info: served addr=22 data=23308100
@721: info: served addr=21 data=23341100
@722: info: served addr=22 data=23308100
@726: info: served addr=21 data=23341100
@727: info: served addr=22 data=23308100
@731: info: served addr=21 data=23341100
@732: info: served addr=22 data=23308100
@736: info: served addr=21 data=23341100
@737: info: served addr=22 data=23308100
@741: info: served addr=21 data=23341100
@742: info: served addr=22 data=23308100
@746: info: served addr=21 data=23341100
@747: info: served addr=22 data=23308100
@751: info: served addr=21 data=23341100
@752: info: served addr=22 data=23308100
@756: info: served addr=21 data=23341100
@757: info: served addr=22 data=23308100
@761: info: served addr=21 data=23341100
@762: info: served addr=22 data=23308100
@766: info: served addr=21 data=23341100
@767: info: served addr=22 data=23308100
@771: info: served addr=21 data=23341100
@772: info: served addr=22 data=23308100
@776: info: served addr=21 data=23341100
@777: info: served addr=22 data=23308100
@781: info: served addr=21 data=23341100
@782: info: served addr=22 data=23308100
@786: info: served addr=21 data=23341100
@787: info: served addr=22 data=23308100
@791: info: served addr=21 data=23341100
@792: info: served addr=22 data=23308100
@796: info: served addr=21 data=23341100
@797: info: served addr=22 data=23308100
@801: info: served addr=21 data=23341100
@802: info: served addr=22 data=23308100
@806: info: served addr=21 data=23341100
@807: info: served addr=22 data=23308100
@811: info: served addr=21 data=23341100
@812: info: served addr=22 data=23308100
@816: info: served addr=21 data=23341100
@817: info: served addr=22 data=23308100
@821: info: served addr=21 data=23341100
@822: info: served addr=22 data=23308100
@826: info: served addr=21 data=23341100
@827: info: served addr=22 data=23308100
@831: info: served addr=21 data=23341100
@832: info: served addr=22 data=23308100
@836: info: served addr=21 data=23341100
@837: info: served addr=22 data=23308100
@841: info: served addr=21 data=23341100
@842: info: served addr=22 data=23308100
@846: info: served addr=21 data=23341100
@847: info: served addr=22 data=23308100
@851: info: served addr=21 data=23341100
@852: info: served addr=22 data=23308100
@856: info: served addr=21 data=23341100
@857: info: served addr=22 data=23308100
@861: info: served addr=21 data=23341100
@862: info: served addr=22 data=23308100
@866: info: served addr=21 data=23341100
@867: info: served addr=22 data=23308100
@871: info: served addr=21 data=23341100
@872: info: served addr=22 data=23308100
@876: info: served addr=21 data=23341100
@877: info: served addr=22 data=23308100
@881: info: served addr=21 data=23341100
@882: info: served addr=22 data=23308100
@886: info: served addr=21 data=23341100
@887: info: served addr=22 data=23308100
@891: info: served addr=21 data=23341100
@892: info: served addr=22 data=23308100
@896: info: served addr=21 data=23341100
@897: info: served addr=22 data=23308100
@901: info: served addr=21 data=23341100
@902: info: served addr=22 data=23308100
@906: info: served addr=21 data=23341100
@907: info: served addr=22 data=23308100
@911: info: served addr=21 data=23341100
@912: info: served addr=22 data=23308100
@916: info: served addr=21 data=23341100
@917: info: served addr=22 data=23308100
@921: info: served addr=21 data=23341100
@922: info: served addr=22 data=23308100
@926: info: served addr=21 data=23341100
@927: info: served addr=22 data=23308100
@931: info: served addr=21 data=23341100
@932: info: served addr=22 data=23308100
@936: info: served addr=21 data=23341100
@937: info: served addr=22 data=23308100
@941: info: served addr=21 data=23341100
@942: info: served addr=22 data=23308100
@946: info: served addr=21 data=23341100
@947: info: served addr=22 data=23308100
@951: info: served addr=21 data=23341100
@952: info: served addr=22 data=23308100
@956: info: served addr=21 data=23341100
@957: info: served addr=22 data=23308100
@961: info: served addr=21 data=23341100
@962: info: served addr=22 data=23308100
@966: info: served addr=21 data=23341100
@967: info: served addr=22 data=23308100
@971: info: served addr=21 data=23341100
@972: info: served addr=22 data=23308100
@976: info: served addr=21 data=23341100
@977: info: served addr=22 data=23308100
@981: info: served addr=21 data=23341100
@982: info: served addr=22 data=23308100
@986: info: served addr=21 data=23341100
@987: info: served addr=22 data=23308100
@991: info: served addr=21 data=23341100
@992: info: served addr=22 data=23308100
@996: info: served addr=21 data=23341100
@997: info: served addr=22 data=23308100
@1001: info: served addr=21 data=23341100
