('Expr', 109) [('apu_lat_i', 'token', '181', '28')]
('Expr', 35) [('Expr', 29), ('&', '&', '111', '33'), ('Expr', 34)]
('BusBit', 10) [('[', '[', '200', '27'), ('Expr', 145), (']', ']', '200', '29')]
('Expr', 148) [('addr_req', 'token', '200', '65')]
('Width', 7) [('[', '[', '74', '15'), ('Expr', 13), (':', ':', '74', '17'), ('Expr', 14), (']', ']', '74', '19')]
('Mstuff', 42) [('Assign', 29)]
('Module_stuffs', 29) [('Mstuff', 18), ('Module_stuffs', 28)]
('Expr', 119) [('(', '(', '192', '37'), ('Expr', 118), (')', ')', '192', '64')]
('Expr', 254) [('!', '!', '226', '39'), ('Expr', 253)]
('Module_stuffs', 16) [('Mstuff', 31), ('Module_stuffs', 15)]
('Expr', 267) [('addr_inflight', 'token', '245', '32')]
('Header_list', 1) [('Header_item', 1)]
('Expr', 89) [('returned_waiting', 'token', '152', '27')]
('PureExt', 7) [('output', 'output', '60', '7')]
('LSH', 43) [('read_dep_inflight', 'token', '208', '25')]
('Module_stuffs', 8) [('Mstuff', 39), ('Module_stuffs', 7)]
('Expr', 192) [('Expr', 189), ('&', '&', '209', '68'), ('Expr', 191)]
('Assign', 29) [('assign', 'assign', '254', '7'), ('LSH', 61), ('=', '=', '254', '21'), ('Expr', 271), (';', ';', '254', '33')]
('Header_item', 3) [('ExtDir', 3), ('enable_i', 'token', '54', '47')]
('IntKind', 13) [('logic', 'logic', '72', '13')]
('LSH', 13) [('addr_inflight', 'token', '134', '19')]
('IntKind', 23) [('logic', 'logic', '92', '6')]
('AlwaysKind', 3) [('always_ff', 'always_ff', '176', '10')]
('Statement', 28) [('LSH', 25), ('=', '=', '158', '28'), ('Expr', 93), (';', ';', '158', '32')]
('Expr', 12) [('0', 'number', '71', '18')]
('Tokens_list', 22) [('write_deps_req', 'token', '104', '27'), (',', ',', '104', '28'), ('Tokens_list', 21)]
('Definition', 3) [('IntDir', 3), ('Tokens_list', 8), (';', ';', '94', '62')]
('Always', 1) [('AlwaysKind', 1), ('When', 1), ('Statement', 12)]
('IntDir', 6) [('IntKind', 28)]
('Expr', 191) [('!', '!', '209', '70'), ('Expr', 190)]
('Expr', 22) [('0', 'number', '93', '11')]
('Expr', 157) [('addr_inflight', 'token', '201', '70')]
('Mstuff', 19) [('Assign', 6)]
('Statements', 2) [('Statements', 1), ('Statement', 2)]
('Expr', 120) [('i', 'token', '192', '91')]
('Expr', 231) [("2'h1", 'hex', '225', '61')]
('ExtDir', 5) [('PureExt', 5), ('IntKind', 5)]
('Expr', 66) [("'0", 'udig', '129', '27')]
('LSH', 50) [('stall_full', 'token', '221', '18')]
('Expr', 201) [('|', '|', '211', '30'), ('Expr', 200)]
('Assign', 22) [('assign', 'assign', '221', '7'), ('LSH', 50), ('=', '=', '221', '25'), ('Expr', 226), (';', ';', '221', '57')]
('Header_item', 10) [('ExtDir', 10), ('stall_o', 'token', '67', '46')]
('Header_list', 20) [('Header_list', 19), (',', ',', '84', '56'), ('Header_item', 20)]
('Module_stuffs', 46) [('Mstuff', 1), ('Module_stuffs', 45)]
('PureExt', 20) [('output', 'output', '85', '7')]
('LSH', 20) [('addr_inflight_dn', 'token', '147', '23')]
('Expr', 211) [('returned_waiting', 'token', '212', '86')]
('IntKind', 21) [('logic', 'logic', '86', '12')]
('Expr', 263) [("'0", 'udig', '241', '19')]
('Hparams', 1) []
('Statement', 23) [('LSH', 23), ('=', '=', '153', '28'), ('Expr', 90), (';', ';', '153', '34')]
('Expr', 53) [('valid_waiting', 'token', '121', '82')]
('Tokens_list', 25) [('read_dep_req', 'token', '105', '25'), (',', ',', '105', '26'), ('Tokens_list', 24)]
('GenStatement', 10) [('GenFor_statement', 2)]
('Mstuff', 2) [('Definition', 2)]
('Definition', 4) [('IntDir', 4), ('Tokens_list', 10), (';', ';', '95', '57')]
('Statements', 35) [('Statements', 34), ('Statement', 52)]
('Statement', 9) [('LSH', 14), ('<=', 'sm_eq', '135', '24'), ('Expr', 71), (';', ';', '135', '41')]
('Statements', 36) [('Statements', 35), ('Statement', 54)]
('Expr', 31) [('stall_type', 'token', '111', '59')]
('Tokens_list', 3) [('addr_req', 'token', '92', '29'), (',', ',', '92', '30'), ('Tokens_list', 2)]
('Expr', 134) [('read_regs_i', 'token', '194', '48'), ('BusBit', 8)]
('Module_stuffs', 35) [('Mstuff', 12), ('Module_stuffs', 34)]
('Mstuff', 24) [('Generate', 1)]
('Expr', 97) [('returned_waiting', 'token', '163', '29')]
('BusBit', 6) [('[', '[', '193', '90'), ('Expr', 129), (']', ']', '193', '92')]
('Expr', 232) [('Expr', 230), ('==', 'eq_eq', '225', '60'), ('Expr', 231)]
('Width', 11) [('[', '[', '93', '8'), ('Expr', 21), (':', ':', '93', '10'), ('Expr', 22), (']', ']', '93', '12')]
('Expr', 75) [('addr_waiting', 'token', '143', '41')]
('LSH', 53) [('stall_o', 'token', '227', '15')]
('Expr', 242) [('Expr', 237), ('&', '&', '225', '88'), ('Expr', 241)]
('Statements', 20) [('Statements', 19), ('Statement', 24)]
('Header_item', 17) [('ExtDir', 17), ('perf_type_o', 'token', '79', '50')]
('ExtDir', 18) [('PureExt', 18), ('IntKind', 18)]
('Statement', 52) [('if', 'if', '244', '5'), ('(', '(', '244', '6'), ('Expr', 266), (')', ')', '244', '24'), ('Statement', 51)]
('PureExt', 11) [('input', 'input', '70', '6')]
('LSH', 31) [('active', 'token', '173', '14')]
('Module_stuffs', 6) [('Mstuff', 41), ('Module_stuffs', 5)]
('Expr', 212) [('!', '!', '212', '70'), ('Expr', 211)]
('GenStatements', 3) [('GenStatements', 2), ('GenStatement', 3)]
('Assign', 9) [('assign', 'assign', '193', '11'), ('LSH', 36), ('=', '=', '193', '35'), ('Expr', 131), (';', ';', '193', '93')]
('Expr', 264) [('returned_req', 'token', '242', '18')]
('Module_stuffs', 23) [('Mstuff', 24), ('Module_stuffs', 22)]
('Statement', 46) [('if', 'if', '177', '5'), ('(', '(', '177', '6'), ('Expr', 106), (')', ')', '177', '14'), ('Statement', 41), ('else', 'else', '179', '11'), ('Statement', 45)]
('IntKind', 15) [('logic', 'logic', '75', '13')]
('LSH', 1) [('valid_req', 'token', '111', '17')]
('Expr', 62) [('rst_ni', 'token', '126', '13')]
('GenStatement', 3) [('Assign', 10)]
('Expr', 274) [("2'h3", 'hex', '257', '42')]
('Expr', 165) [('write_regs_i', 'token', '202', '50'), ('BusBit', 17)]
('Statements', 7) [('Statements', 6), ('Statement', 8)]
('Tokens_list', 10) [('valid_inflight_dn', 'token', '95', '38'), (',', ',', '95', '39'), ('Tokens_list', 9)]
('Expr', 143) [('2', 'number', '199', '27')]
('Mstuff', 1) [('Definition', 1)]
('Soft_assigns', 4) [('Soft_assign', 4)]
('Expr', 185) [('Expr', 182), ('&', '&', '208', '68'), ('Expr', 184)]
('Expr', 106) [('~', '~', '177', '7'), ('Expr', 105)]
('BusBit', 15) [('[', '[', '201', '93'), ('Expr', 160), (']', ']', '201', '95')]
('Expr', 145) [('i', 'token', '200', '28')]
('Width', 12) [('[', '[', '100', '8'), ('Expr', 23), (':', ':', '100', '10'), ('Expr', 24), (']', ']', '100', '12')]
('Mstuff', 39) [('Assign', 27)]
('Expr', 76) [('req_accepted', 'token', '145', '20')]
('LSH', 60) [('active_o', 'token', '251', '16')]
('Expr', 251) [('Expr', 229), ('&', '&', '225', '46'), ('Expr', 250)]
('When', 1) [('@', '@', '125', '12'), ('(', '(', '125', '13'), ('When_items', 2), (')', ')', '125', '45')]
('Mstuff', 15) [('Assign', 2)]
('ExtDir', 9) [('PureExt', 9), ('IntKind', 9)]
('When_item', 2) [('negedge', 'negedge', '125', '37'), ('Expr', 61)]
('Expr', 86) [('Expr', 82), ('&', '&', '148', '27'), ('Expr', 85)]
('PureExt', 2) [('input', 'input', '51', '6')]
('LSH', 38) [('i', 'token', '199', '30')]
('Expr', 221) [('Expr', 219), ('|', '|', '215', '44'), ('Expr', 220)]
('Assign', 2) [('assign', 'assign', '112', '7'), ('LSH', 2), ('=', '=', '112', '22'), ('Expr', 36), (';', ';', '112', '35')]
('Header_item', 6) [('ExtDir', 6), ('Width', 3), ('apu_waddr_o', 'token', '59', '50')]
('Module_stuffs', 44) [('Mstuff', 3), ('Module_stuffs', 43)]
('Statement', 33) [('LSH', 29), ('=', '=', '164', '28'), ('Expr', 98), (';', ';', '164', '32')]
('LSH', 8) [('valid_waiting', 'token', '128', '18')]
('Expr', 39) [('Expr', 37), ('&', '&', '114', '34'), ('Expr', 38)]
('Expr', 42) [('Expr', 40), ('&', '&', '120', '44'), ('Expr', 41)]
('Expr', 174) [('valid_req', 'token', '207', '61')]
('Statements', 19) [('Statement', 23)]
('Statement', 27) [('begin', 'begin', '145', '43'), ('Statements', 21), ('end', 'end', '156', '7')]
('MainItem', 1) [('Module', 1)]
('Expr', 9) [('5', 'number', '70', '21')]
('Tokens_list', 13) [('returned_req', 'token', '96', '33'), (',', ',', '96', '34'), ('Tokens_list', 12)]
('Definition', 8) [('IntDir', 8), ('Width', 12), ('Tokens_list', 16), (';', ';', '100', '29')]
('IntDir', 13) [('IntKind', 35)]
('Header_list', 3) [('Header_list', 2), (',', ',', '51', '46'), ('Header_item', 3)]
('BusBit', 8) [('[', '[', '194', '49'), ('Expr', 133), (']', ']', '194', '51')]
('Expr', 154) [('i', 'token', '201', '33')]
('Width', 5) [('[', '[', '70', '20'), ('Expr', 9), (':', ':', '70', '22'), ('Expr', 10), (']', ']', '70', '24')]
('Module_stuffs', 33) [('Mstuff', 14), ('Module_stuffs', 32)]
('Mstuff', 44) [('Assign', 31)]
('Expr', 117) [('addr_req', 'token', '192', '63')]
('Expr', 63) [('~', '~', '126', '7'), ('Expr', 62)]
('BusBit', 18) [('[', '[', '202', '93'), ('Expr', 169), (']', ']', '202', '95')]
('Expr', 252) [('valid_req', 'token', '226', '35')]
('Expr', 105) [('rst_ni', 'token', '177', '13')]
('Header_list', 15) [('Header_list', 14), (',', ',', '74', '52'), ('Header_item', 15)]
('LSH', 62) [('perf_cont_o', 'token', '255', '19')]
('Expr', 95) [("'0", 'udig', '160', '31')]
('LSH', 41) [('write_deps_waiting', 'token', '202', '30'), ('BusBit', 16)]
('Expr', 198) [('!', '!', '210', '70'), ('Expr', 197)]
('Assign', 27) [('assign', 'assign', '237', '7'), ('LSH', 55), ('=', '=', '237', '32'), ('Expr', 262), (';', ';', '237', '38')]
('Header_item', 13) [('ExtDir', 13), ('read_dep_o', 'token', '72', '49')]
('LSH', 19) [('valid_inflight_dn', 'token', '146', '24')]
('Module_stuffs', 4) [('Mstuff', 43), ('Module_stuffs', 3)]
('Expr', 40) [('valid_req', 'token', '120', '37')]
('Statements', 25) [('Statements', 24), ('Statement', 31)]
('Statement', 18) [('LSH', 20), ('=', '=', '147', '28'), ('Expr', 81), (';', ';', '147', '38')]
('Statements', 11) [('Statements', 10), ('Statement', 14)]
('Expr', 50) [('apu_master_valid_i', 'token', '121', '64')]
('Tokens_list', 20) [('write_deps_waiting', 'token', '104', '68')]
('Definition', 1) [('IntDir', 1), ('Width', 10), ('Tokens_list', 3), (';', ';', '92', '59')]
('IntDir', 4) [('IntKind', 26)]
('Expr', 55) [('Expr', 52), ('&', '&', '121', '67'), ('Expr', 54)]
('Expr', 20) [('0', 'number', '92', '11')]
('Module_stuffs', 17) [('Mstuff', 30), ('Module_stuffs', 16)]
('Expr', 131) [('Expr', 128), ('&', '&', '193', '71'), ('Expr', 130)]
('Mstuff', 21) [('Always', 2)]
('Expr', 187) [('|', '|', '209', '30'), ('Expr', 186)]
('Expr', 126) [('addr_inflight', 'token', '193', '68')]
('Expr', 229) [('Expr', 227), ('&', '&', '225', '37'), ('Expr', 228)]
('Header_list', 8) [('Header_list', 7), (',', ',', '60', '56'), ('Header_item', 8)]
('Statements', 6) [('Statements', 5), ('Statement', 7)]
('Expr', 64) [("1'b0", 'bin', '127', '26')]
('LSH', 48) [('read_dep_o', 'token', '214', '18')]
('Expr', 207) [('write_deps_waiting', 'token', '212', '48')]
('Assign', 20) [('assign', 'assign', '214', '7'), ('LSH', 48), ('=', '=', '214', '28'), ('Expr', 218), (';', ';', '214', '83')]
('Mstuff', 13) [('Definition', 13)]
('Header_list', 18) [('Header_list', 17), (',', ',', '79', '51'), ('Header_item', 18)]
('Statement', 51) [('LSH', 58), ('=', '=', '245', '18'), ('Expr', 267), (';', ';', '245', '33')]
('PureExt', 22) [('input', 'input', '88', '6')]
('LSH', 26) [('valid_waiting_dn', 'token', '159', '23')]
('ExtDir', 7) [('PureExt', 7), ('IntKind', 7)]
('GenStatements', 8) [('GenStatement', 10)]
('Assign', 14) [('assign', 'assign', '207', '7'), ('LSH', 42), ('=', '=', '207', '28'), ('Expr', 178), (';', ';', '207', '83')]
('Expr', 261) [('valid_req', 'token', '232', '41')]
('Module_stuffs', 42) [('Mstuff', 5), ('Module_stuffs', 41)]
('Statement', 21) [('begin', 'begin', '148', '55'), ('Statements', 17), ('end', 'end', '151', '10')]
('Expr', 59) [('Expr', 56), ('&', '&', '122', '44'), ('Expr', 58)]
('Tokens_list', 31) [('stall_full', 'token', '108', '17'), (',', ',', '108', '18'), ('Tokens_list', 30)]
('IntKind', 25) [('logic', 'logic', '94', '6')]
('GenStatement', 8) [('Assign', 13)]
('Expr', 162) [('Expr', 159), ('&', '&', '201', '73'), ('Expr', 161)]
('Statements', 17) [('Statements', 16), ('Statement', 20)]
('Statement', 15) [('LSH', 17), ('=', '=', '142', '28'), ('Expr', 74), (';', ';', '142', '43')]
('Expr', 29) [('enable_i', 'token', '111', '31')]
('Tokens_list', 1) [('addr_waiting', 'token', '92', '58')]
('When_items', 2) [('When_items', 1), ('Or_coma', 1), ('When_item', 2)]
('Mstuff', 26) [('Assign', 14)]
('Soft_assigns', 1) [('Soft_assign', 1)]
('ExtDir', 10) [('PureExt', 10), ('IntKind', 10)]
('Expr', 177) [('!', '!', '207', '70'), ('Expr', 176)]
('BusBit', 4) [('[', '[', '193', '31'), ('Expr', 123), (']', ']', '193', '33')]
('Expr', 238) [('apu_lat', 'token', '225', '97')]
('IntDir', 7) [('IntKind', 29)]
('Mstuff', 32) [('Assign', 20)]
('Expr', 73) [('valid_waiting', 'token', '141', '42')]
('IntKind', 4) [('logic', 'logic', '55', '12')]
('LSH', 59) [('apu_waddr_o', 'token', '247', '16')]
('Expr', 240) [('Expr', 238), ('==', 'eq_eq', '225', '99'), ('Expr', 239)]
('Header_item', 19) [('ExtDir', 19), ('apu_master_req_o', 'token', '84', '55')]
('ExtDir', 20) [('PureExt', 20), ('IntKind', 20)]
('Expr', 83) [('returned_inflight', 'token', '148', '47')]
('PureExt', 13) [('output', 'output', '72', '7')]
('LSH', 29) [('valid_waiting_dn', 'token', '164', '23')]
('Expr', 218) [('Expr', 216), ('|', '|', '214', '65'), ('Expr', 217)]
('GenStatements', 1) [('GenStatement', 1)]
('Header_item', 20) [('ExtDir', 20), ('apu_master_ready_o', 'token', '85', '57')]
('Expr', 270) [('active', 'token', '251', '25')]
('Statements', 34) [('Statements', 33), ('Statement', 50)]
('Statement', 44) [('if', 'if', '180', '7'), ('(', '(', '180', '8'), ('Expr', 108), (')', ')', '180', '18'), ('Statement', 43)]
('LSH', 7) [('valid_inflight', 'token', '127', '19')]
('Module_stuffs', 2) [('Mstuff', 45), ('Module_stuffs', 1)]
('IntKind', 1) [('logic', 'logic', '50', '12')]
('GenStatement', 1) [('Assign', 8)]
('Expr', 272) [('stall_nack', 'token', '255', '32')]
('Expr', 171) [('Expr', 168), ('&', '&', '202', '73'), ('Expr', 170)]
('Statement', 6) [('LSH', 11), ('<=', 'sm_eq', '132', '24'), ('Expr', 68), (';', ';', '132', '43')]
('Expr', 14) [('0', 'number', '74', '18')]
('Expr', 6) [('0', 'number', '59', '18')]
('Tokens_list', 8) [('valid_req', 'token', '94', '30'), (',', ',', '94', '31'), ('Tokens_list', 7)]
('Expr', 141) [('0', 'number', '199', '20')]
('Mstuff', 3) [('Definition', 3)]
('Expr', 104) [('rst_ni', 'token', '176', '44')]
('BusBit', 13) [('[', '[', '201', '32'), ('Expr', 154), (']', ']', '201', '34')]
('Expr', 151) [('i', 'token', '200', '94')]
('Width', 2) [('[', '[', '56', '14'), ('Expr', 3), (':', ':', '56', '16'), ('Expr', 4), (']', ']', '56', '18')]
('Mstuff', 41) [('Assign', 28)]
('Expr', 181) [('valid_inflight', 'token', '208', '66')]
('Expr', 114) [('i', 'token', '192', '27')]
('Expr', 249) [('Expr', 244), ('|', '|', '225', '107'), ('Expr', 248)]
('Expr', 209) [('valid_waiting', 'token', '212', '65')]
('Header_list', 4) [('Header_list', 3), (',', ',', '54', '48'), ('Header_item', 4)]
('Statements', 4) [('Statements', 3), ('Statement', 4)]
('When_item', 4) [('negedge', 'negedge', '176', '37'), ('Expr', 104)]
('Expr', 84) [('(', '(', '148', '30'), ('Expr', 83), (')', ')', '148', '48')]
('PureExt', 4) [('input', 'input', '55', '6')]
('LSH', 36) [('read_deps_inflight', 'token', '193', '30'), ('BusBit', 4)]
('Expr', 195) [('valid_req', 'token', '210', '61')]
('Statement', 55) [('begin', 'begin', '240', '18'), ('Statements', 36), ('end', 'end', '248', '4')]
('Statement', 39) [('begin', 'begin', '139', '18'), ('Statements', 28), ('end', 'end', '167', '4')]
('LSH', 14) [('addr_waiting', 'token', '135', '18')]
('Header_list', 10) [('Header_list', 9), (',', ',', '64', '48'), ('Header_item', 10)]
('Expr', 281) [('~', '~', '258', '29'), ('Expr', 280)]
('Expr', 172) [('read_deps_req', 'token', '207', '43')]
('Module_stuffs', 40) [('Mstuff', 7), ('Module_stuffs', 39)]
('Statement', 25) [('begin', 'begin', '152', '34'), ('Statements', 20), ('end', 'end', '155', '10')]
('Expr', 15) [('5', 'number', '74', '21')]
('Tokens_list', 19) [('read_deps_req', 'token', '103', '26'), (',', ',', '103', '27'), ('Tokens_list', 18)]
('IntKind', 27) [('logic', 'logic', '96', '6')]
('Expr', 182) [('Expr', 180), ('&', '&', '208', '51'), ('Expr', 181)]
('Statements', 23) [('Statements', 22), ('Statement', 29)]
('IntDir', 3) [('IntKind', 25)]
('Expr', 17) [('1', 'number', '75', '16')]
('Expr', 152) [('write_regs_valid_i', 'token', '200', '92'), ('BusBit', 12)]
('Header_list', 7) [('Header_list', 6), (',', ',', '59', '51'), ('Header_item', 7)]
('GenFor_statement', 1) [('for', 'for', '191', '6'), ('(', '(', '191', '8'), ('Soft_assigns', 1), (';', ';', '191', '21'), ('Expr', 113), (';', ';', '191', '28'), ('Soft_assigns', 2), (')', ')', '191', '33'), ('GenStatement', 4)]
('BusBit', 16) [('[', '[', '202', '31'), ('Expr', 163), (']', ']', '202', '33')]
('Module_stuffs', 15) [('Mstuff', 32), ('Module_stuffs', 14)]
('Expr', 226) [('Expr', 224), ('&', '&', '221', '42'), ('Expr', 225)]
('Module_stuffs', 19) [('Mstuff', 28), ('Module_stuffs', 18)]
('ExtDir', 2) [('PureExt', 2), ('IntKind', 2)]
('Expr', 93) [("'0", 'udig', '158', '31')]
('IntKind', 6) [('logic', 'logic', '59', '13')]
('LSH', 47) [('write_dep_waiting', 'token', '212', '25')]
('Expr', 196) [('Expr', 194), ('&', '&', '210', '51'), ('Expr', 195)]
('Assign', 25) [('assign', 'assign', '227', '7'), ('LSH', 53), ('=', '=', '227', '25'), ('Expr', 260), (';', ';', '227', '63')]
('Header_item', 15) [('ExtDir', 15), ('Width', 9), ('write_regs_valid_i', 'token', '75', '57')]
('PureExt', 17) [('output', 'output', '79', '7')]
('LSH', 17) [('addr_inflight_dn', 'token', '142', '20')]
('Expr', 46) [('valid_waiting', 'token', '120', '100')]
('Expr', 258) [('Expr', 256), ('|', '|', '227', '38'), ('Expr', 257)]
('Statement', 16) [('LSH', 18), ('=', '=', '143', '28'), ('Expr', 75), (';', ';', '143', '42')]
('Expr', 48) [('Expr', 45), ('&', '&', '120', '85'), ('Expr', 47)]
('Tokens_list', 26) [('write_dep_waiting', 'token', '106', '67')]
('Definition', 7) [('IntDir', 7), ('Tokens_list', 15), (';', ';', '99', '28')]
('Statement', 40) [('LSH', 32), ('<=', 'sm_eq', '178', '18'), ('Expr', 107), (';', ';', '178', '22')]
('Statement', 10) [('begin', 'begin', '131', '17'), ('Statements', 8), ('end', 'end', '136', '6')]
('Statements', 15) [('Statements', 14), ('Statement', 18)]
('Expr', 26) [('0', 'number', '103', '11')]
('Module_stuffs', 22) [('Mstuff', 25), ('Module_stuffs', 21)]
('Expr', 129) [('i', 'token', '193', '91')]
('Mstuff', 23) [('Always', 3)]
('Expr', 124) [('i', 'token', '193', '50')]
('Expr', 235) [("2'h2", 'hex', '225', '82')]
('Statements', 14) [('Statement', 17)]
('Module_stuffs', 21) [('Mstuff', 26), ('Module_stuffs', 20)]
('Expr', 70) [('addr_inflight_dn', 'token', '134', '41')]
('Statements', 27) [('Statements', 26), ('Statement', 34)]
('LSH', 54) [('apu_master_req_o', 'token', '232', '24')]
('Expr', 205) [('!', '!', '211', '70'), ('Expr', 204)]
('Assign', 18) [('assign', 'assign', '211', '7'), ('LSH', 46), ('=', '=', '211', '28'), ('Expr', 206), (';', ';', '211', '88')]
('Header_item', 22) [('ExtDir', 22), ('apu_master_valid_i', 'token', '88', '57')]
('Header_list', 16) [('Header_list', 15), (',', ',', '75', '58'), ('Header_item', 16)]
('IntKind', 32) [('logic', 'logic', '104', '6')]
('Statement', 49) [('LSH', 57), ('=', '=', '243', '18'), ('Expr', 265), (';', ';', '243', '28')]
('PureExt', 8) [('output', 'output', '61', '7')]
('LSH', 24) [('addr_waiting_dn', 'token', '154', '25')]
('Expr', 215) [('read_dep_inflight', 'token', '214', '62')]
('GenStatements', 6) [('GenStatements', 5), ('GenStatement', 7)]
('Assign', 12) [('assign', 'assign', '201', '11'), ('LSH', 40), ('=', '=', '201', '36'), ('Expr', 162), (';', ';', '201', '96')]
('IntDir', 2) [('IntKind', 24)]
('Generate', 2) [('generate', 'generate', '198', '9'), ('GenStatements', 8), ('endgenerate', 'endgenerate', '204', '12')]
('Module_stuffs', 27) [('Mstuff', 20), ('Module_stuffs', 26)]
('Statement', 43) [('begin', 'begin', '180', '24'), ('Statements', 30), ('end', 'end', '182', '8')]
('LSH', 2) [('addr_req', 'token', '112', '16')]
('Expr', 57) [('apu_master_valid_i', 'token', '122', '64')]
('Tokens_list', 29) [('stall_nack', 'token', '108', '41')]
('GenStatement', 6) [('Assign', 11)]
('Expr', 160) [('i', 'token', '201', '94')]
('Expr', 132) [('i', 'token', '194', '31')]
('Statement', 13) [('LSH', 15), ('=', '=', '140', '28'), ('Expr', 72), (';', ';', '140', '44')]
('Module_stuffs', 37) [('Mstuff', 10), ('Module_stuffs', 36)]
('Expr', 3) [('5', 'number', '56', '15')]
('Tokens_list', 7) [('valid_inflight', 'token', '94', '46'), (',', ',', '94', '47'), ('Tokens_list', 6)]
('IntKind', 29) [('logic', 'logic', '99', '6')]
('Expr', 138) [('i', 'token', '194', '91')]
('Statements', 21) [('Statements', 18), ('Statement', 26)]
('Mstuff', 28) [('Assign', 16)]
('Soft_assigns', 3) [('Soft_assign', 3)]
('Expr', 101) [('valid_waiting', 'token', '173', '47')]
('BusBit', 2) [('[', '[', '192', '49'), ('Expr', 115), (']', ']', '192', '51')]
('Or_coma', 1) [('or', 'or', '125', '29')]
('Expr', 236) [('Expr', 234), ('==', 'eq_eq', '225', '81'), ('Expr', 235)]
('Mstuff', 34) [('Assign', 22)]
('Expr', 79) [('Expr', 76), ('&', '&', '145', '22'), ('Expr', 78)]
('LSH', 57) [('apu_waddr_o', 'token', '243', '16')]
('Module_stuffs', 13) [('Mstuff', 34), ('Module_stuffs', 12)]
('Expr', 246) [("2'h3", 'hex', '225', '121')]
('Width', 9) [('[', '[', '75', '15'), ('Expr', 17), (':', ':', '75', '17'), ('Expr', 18), (']', ']', '75', '19')]
('ExtDir', 22) [('PureExt', 22), ('IntKind', 22)]
('When_item', 1) [('posedge', 'posedge', '125', '20'), ('Expr', 60)]
('Expr', 81) [('addr_req', 'token', '147', '37')]
('PureExt', 15) [('input', 'input', '75', '6')]
('IntKind', 8) [('logic', 'logic', '61', '13')]
('LSH', 35) [('read_deps_req', 'token', '192', '25'), ('BusBit', 1)]
('Expr', 216) [('Expr', 214), ('|', '|', '214', '44'), ('Expr', 215)]
('Expr', 103) [('clk_i', 'token', '176', '26')]
('Assign', 5) [('assign', 'assign', '121', '7'), ('LSH', 5), ('=', '=', '121', '27'), ('Expr', 55), (';', ';', '121', '83')]
('Expr', 268) [('returned_waiting', 'token', '246', '22')]
('Statement', 34) [('LSH', 30), ('=', '=', '165', '28'), ('Expr', 99), (';', ';', '165', '32')]
('LSH', 5) [('returned_inflight', 'token', '121', '25')]
('IntKind', 31) [('logic', 'logic', '103', '6')]
('Statements', 29) [('Statement', 40)]
('Expr', 278) [('valid_waiting', 'token', '258', '60')]
('Expr', 169) [('i', 'token', '202', '94')]
('Statement', 4) [('LSH', 10), ('<=', 'sm_eq', '130', '24'), ('Expr', 67), (';', ';', '130', '28')]
('Expr', 188) [('valid_waiting', 'token', '209', '65')]
('Expr', 4) [('0', 'number', '56', '17')]
('Tokens_list', 14) [('req_accepted', 'token', '98', '33')]
('Definition', 11) [('IntDir', 11), ('Tokens_list', 25), (';', ';', '105', '67')]
('Mstuff', 5) [('Definition', 5)]
('Statements', 13) [('Statements', 12), ('Statement', 16)]
('Expr', 110) [('0', 'number', '191', '20')]
('Soft_assign', 2) [('LSH', 34), ('++', 'plusplus', '191', '32')]
('BusBit', 11) [('[', '[', '200', '51'), ('Expr', 146), (']', ']', '200', '53')]
('Expr', 149) [('Expr', 147), ('==', 'eq_eq', '200', '56'), ('Expr', 148)]
('Mstuff', 43) [('Assign', 30)]
('Expr', 112) [('3', 'number', '191', '27')]
('LSH', 64) [('apu_singlecycle_o', 'token', '258', '25')]
('Expr', 255) [('Expr', 252), ('&', '&', '226', '37'), ('Expr', 254)]
('Statements', 33) [('Statement', 48)]
('Header_list', 2) [('Header_list', 1), (',', ',', '50', '45'), ('Header_item', 2)]
('Expr', 125) [('read_regs_i', 'token', '193', '48'), ('BusBit', 5)]
('Expr', 90) [("1'b1", 'bin', '153', '30')]
('PureExt', 6) [('output', 'output', '59', '7')]
('LSH', 42) [('read_dep_req', 'token', '207', '20')]
('Expr', 193) [('write_deps_req', 'token', '210', '44')]
('IntKind', 16) [('logic', 'logic', '76', '13')]
('Assign', 30) [('assign', 'assign', '255', '7'), ('LSH', 62), ('=', '=', '255', '21'), ('Expr', 272), (';', ';', '255', '33')]
('Header_item', 2) [('ExtDir', 2), ('rst_ni', 'token', '51', '45')]
('IntKind', 34) [('logic', 'logic', '106', '6')]
('Statement', 37) [('if', 'if', '157', '11'), ('(', '(', '157', '13'), ('Expr', 92), (')', ')', '157', '31'), ('Statement', 32), ('else', 'else', '163', '8'), ('Statement', 36)]
('LSH', 12) [('valid_waiting', 'token', '133', '19')]
('Expr', 43) [('valid_inflight', 'token', '120', '83')]
('Mstuff', 7) [('Definition', 7)]
('Statement', 31) [('LSH', 28), ('=', '=', '161', '28'), ('Expr', 96), (';', ';', '161', '32')]
('ExtDir', 4) [('PureExt', 4), ('IntKind', 4)]
('Expr', 257) [('stall_type', 'token', '227', '49')]
('Expr', 13) [('1', 'number', '74', '16')]
('Tokens_list', 17) [('read_deps_waiting', 'token', '103', '67')]
('Definition', 12) [('IntDir', 12), ('Tokens_list', 28), (';', ';', '106', '68')]
('Always', 2) [('AlwaysKind', 2), ('Statement', 39)]
('Module_stuffs', 36) [('Mstuff', 11), ('Module_stuffs', 35)]
('IntDir', 1) [('IntKind', 23)]
('Module_stuffs', 30) [('Mstuff', 17), ('Module_stuffs', 29)]
('Expr', 23) [('1', 'number', '100', '9')]
('Expr', 34) [('!', '!', '111', '35'), ('Expr', 33)]
('Expr', 158) [('Expr', 156), ('==', 'eq_eq', '201', '56'), ('Expr', 157)]
('Mstuff', 16) [('Assign', 3)]
('Expr', 121) [('read_regs_valid_i', 'token', '192', '89'), ('BusBit', 3)]
('Expr', 224) [('valid_inflight', 'token', '221', '40')]
('Header_list', 11) [('Header_list', 10), (',', ',', '67', '47'), ('Header_item', 11)]
('Expr', 67) [("'0", 'udig', '130', '27')]
('LSH', 45) [('write_dep_req', 'token', '210', '21')]
('Module_stuffs', 11) [('Mstuff', 36), ('Module_stuffs', 10)]
('Expr', 202) [('valid_inflight', 'token', '211', '66')]
('Assign', 23) [('assign', 'assign', '225', '7'), ('LSH', 51), ('=', '=', '225', '25'), ('Expr', 251), (';', ';', '225', '127')]
('Header_item', 9) [('ExtDir', 9), ('active_o', 'token', '64', '47')]
('Header_list', 21) [('Header_list', 20), (',', ',', '85', '58'), ('Header_item', 21)]
('PureExt', 19) [('output', 'output', '84', '7')]
('IntKind', 10) [('logic', 'logic', '67', '13')]
('LSH', 23) [('valid_waiting_dn', 'token', '153', '26')]
('Expr', 44) [('!', '!', '120', '69'), ('Expr', 43)]
('Expr', 256) [('stall_full', 'token', '227', '36')]
('Statement', 22) [('if', 'if', '148', '9'), ('(', '(', '148', '11'), ('Expr', 86), (')', ')', '148', '49'), ('Statement', 21)]
('Expr', 54) [('!', '!', '121', '69'), ('Expr', 53)]
('Tokens_list', 24) [('read_dep_inflight', 'token', '105', '46'), (',', ',', '105', '47'), ('Tokens_list', 23)]
('Header_item', 14) [('ExtDir', 14), ('Width', 7), ('Width', 8), ('write_regs_i', 'token', '74', '51')]
('Definition', 5) [('IntDir', 5), ('Tokens_list', 13), (';', ';', '96', '71')]
('ExtDir', 14) [('PureExt', 14), ('IntKind', 14)]
('Statement', 8) [('LSH', 13), ('<=', 'sm_eq', '134', '24'), ('Expr', 70), (';', ';', '134', '42')]
('Expr', 190) [('returned_waiting', 'token', '209', '86')]
('Expr', 24) [('0', 'number', '100', '11')]
('Tokens_list', 2) [('addr_inflight', 'token', '92', '44'), (',', ',', '92', '45'), ('Tokens_list', 1)]
('When_items', 1) [('When_item', 1)]
('Mstuff', 25) [('Generate', 2)]
('Statements', 3) [('Statements', 2), ('Statement', 3)]
('Expr', 98) [("'0", 'udig', '164', '31')]
('BusBit', 7) [('[', '[', '194', '30'), ('Expr', 132), (']', ']', '194', '32')]
('Expr', 233) [('(', '(', '225', '49'), ('Expr', 232), (')', ')', '225', '65')]
('Module', 1) [('module', 'module', '49', '5'), ('riscv_apu_disp', 'token', '49', '20'), ('Hparams', 1), ('Header', 1), ('Module_stuffs', 46), ('endmodule', 'endmodule', '265', '8')]
('Assign', 7) [('assign', 'assign', '173', '7'), ('LSH', 31), ('=', '=', '173', '16'), ('Expr', 102), (';', ';', '173', '48')]
('Expr', 68) [('valid_inflight_dn', 'token', '132', '42')]
('LSH', 52) [('stall_nack', 'token', '226', '18')]
('Expr', 243) [('(', '(', '225', '69'), ('Expr', 242), (')', ')', '225', '105')]
('Assign', 16) [('assign', 'assign', '209', '7'), ('LSH', 44), ('=', '=', '209', '28'), ('Expr', 192), (';', ';', '209', '87')]
('Header_item', 16) [('ExtDir', 16), ('write_dep_o', 'token', '76', '50')]
('ExtDir', 17) [('PureExt', 17), ('IntKind', 17)]
('Expr', 179) [('read_deps_inflight', 'token', '208', '48')]
('Expr', 150) [('(', '(', '200', '38'), ('Expr', 149), (')', ')', '200', '66')]
('PureExt', 10) [('output', 'output', '67', '7')]
('LSH', 30) [('addr_waiting_dn', 'token', '165', '22')]
('Expr', 213) [('Expr', 210), ('&', '&', '212', '68'), ('Expr', 212)]
('GenStatements', 4) [('GenStatement', 5)]
('IntKind', 18) [('logic', 'logic', '80', '13')]
('Assign', 10) [('assign', 'assign', '194', '11'), ('LSH', 37), ('=', '=', '194', '35'), ('Expr', 140), (';', ';', '194', '93')]
('Expr', 265) [('addr_req', 'token', '243', '27')]
('Statements', 30) [('Statement', 42)]
('Statement', 41) [('begin', 'begin', '177', '20'), ('Statements', 29), ('end', 'end', '179', '6')]
('IntKind', 2) [('logic', 'logic', '51', '12')]
('GenStatement', 4) [('begin', 'begin', '191', '39'), ('GenStatements', 3), ('end', 'end', '195', '6')]
('Expr', 275) [('Expr', 273), ('==', 'eq_eq', '257', '40'), ('Expr', 274)]
('Expr', 166) [('addr_waiting', 'token', '202', '69')]
('Statement', 3) [('LSH', 9), ('<=', 'sm_eq', '129', '24'), ('Expr', 66), (';', ';', '129', '28')]
('Expr', 1) [('1', 'number', '55', '15')]
('Tokens_list', 5) [('addr_inflight_dn', 'token', '93', '37'), (',', ',', '93', '38'), ('Tokens_list', 4)]
('Expr', 136) [('Expr', 134), ('==', 'eq_eq', '194', '54'), ('Expr', 135)]
('Module_stuffs', 34) [('Mstuff', 13), ('Module_stuffs', 33)]
('Mstuff', 30) [('Assign', 18)]
('Statements', 26) [('Statement', 33)]
('Expr', 107) [("'0", 'udig', '178', '21')]
('Expr', 60) [('clk_i', 'token', '125', '26')]
('Expr', 146) [('i', 'token', '200', '52')]
('Width', 13) [('[', '[', '103', '8'), ('Expr', 25), (':', ':', '103', '10'), ('Expr', 26), (']', ']', '103', '12')]
('Mstuff', 36) [('Assign', 24)]
('Expr', 77) [('returned_req', 'token', '145', '36')]
('LSH', 63) [('apu_multicycle_o', 'token', '257', '24')]
('Expr', 244) [('Expr', 233), ('|', '|', '225', '67'), ('Expr', 243)]
('ExtDir', 8) [('PureExt', 8), ('IntKind', 8)]
('When_item', 3) [('posedge', 'posedge', '176', '20'), ('Expr', 103)]
('Expr', 87) [("1'b1", 'bin', '149', '30')]
('PureExt', 1) [('input', 'input', '50', '6')]
('LSH', 33) [('apu_lat', 'token', '181', '14')]
('Module_stuffs', 9) [('Mstuff', 38), ('Module_stuffs', 8)]
('Expr', 222) [('write_dep_waiting', 'token', '215', '83')]
('Assign', 3) [('assign', 'assign', '114', '7'), ('LSH', 3), ('=', '=', '114', '22'), ('Expr', 39), (';', ';', '114', '52')]
('Header_item', 5) [('ExtDir', 5), ('Width', 2), ('apu_waddr_i', 'token', '56', '50')]
('Statement', 32) [('begin', 'begin', '157', '37'), ('Statements', 25), ('end', 'end', '162', '7')]
('Expr', 49) [('valid_inflight', 'token', '121', '42')]
('LSH', 11) [('valid_inflight', 'token', '132', '20')]
('Expr', 32) [('Expr', 30), ('|', '|', '111', '48'), ('Expr', 31)]
('Expr', 276) [('(', '(', '257', '30'), ('Expr', 275), (')', ')', '257', '46')]
('Expr', 175) [('Expr', 173), ('&', '&', '207', '51'), ('Expr', 174)]
('Statement', 26) [('if', 'if', '152', '9'), ('(', '(', '152', '11'), ('Expr', 89), (')', ')', '152', '28'), ('Statement', 25)]
('Expr', 10) [('0', 'number', '70', '23')]
('Tokens_list', 12) [('returned_inflight', 'token', '96', '52'), (',', ',', '96', '53'), ('Tokens_list', 11)]
('Mains', 1) [('MainItem', 1)]
('Definition', 9) [('IntDir', 9), ('Width', 13), ('Tokens_list', 19), (';', ';', '103', '68')]
('Module_stuffs', 18) [('Mstuff', 29), ('Module_stuffs', 17)]
('IntDir', 12) [('IntKind', 34)]
('Module_stuffs', 26) [('Mstuff', 21), ('Module_stuffs', 25)]
('Expr', 108) [('valid_req', 'token', '180', '17')]
('BusBit', 9) [('[', '[', '194', '90'), ('Expr', 138), (']', ']', '194', '92')]
('Expr', 155) [('i', 'token', '201', '52')]
('Width', 6) [('[', '[', '71', '15'), ('Expr', 11), (':', ':', '71', '17'), ('Expr', 12), (']', ']', '71', '19')]
('Module_stuffs', 31) [('Mstuff', 16), ('Module_stuffs', 30)]
('Mstuff', 45) [('Assign', 32)]
('Statements', 1) [('Statement', 1)]
('ExtDir', 3) [('PureExt', 3), ('IntKind', 3)]
('Expr', 118) [('Expr', 116), ('==', 'eq_eq', '192', '54'), ('Expr', 117)]
('Expr', 253) [('apu_master_gnt_i', 'token', '226', '55')]
('IntDir', 5) [('IntKind', 27)]
('ExtDir', 15) [('PureExt', 15), ('IntKind', 15)]
('Expr', 88) [('addr_inflight', 'token', '150', '42')]
('LSH', 40) [('write_deps_inflight', 'token', '201', '31'), ('BusBit', 13)]
('Expr', 199) [('Expr', 196), ('&', '&', '210', '68'), ('Expr', 198)]
('Assign', 28) [('assign', 'assign', '251', '7'), ('LSH', 60), ('=', '=', '251', '18'), ('Expr', 270), (';', ';', '251', '26')]
('Header_item', 12) [('ExtDir', 12), ('Width', 6), ('read_regs_valid_i', 'token', '71', '56')]
('LSH', 18) [('addr_waiting_dn', 'token', '143', '19')]
('IntKind', 20) [('logic', 'logic', '85', '13')]
('Expr', 41) [('apu_master_valid_i', 'token', '120', '64')]
('AlwaysKind', 2) [('always_comb', 'always_comb', '139', '12')]
('Statements', 28) [('Statements', 13), ('Statement', 38)]
('Statement', 29) [('LSH', 26), ('=', '=', '159', '28'), ('Expr', 94), (';', ';', '159', '32')]
('IntKind', 14) [('logic', 'logic', '74', '13')]
('Tokens_list', 23) [('read_dep_waiting', 'token', '105', '66')]
('IntDir', 8) [('IntKind', 30)]
('Definition', 2) [('IntDir', 2), ('Width', 11), ('Tokens_list', 5), (';', ';', '93', '55')]
('Mstuff', 12) [('Definition', 12)]
('Expr', 21) [('5', 'number', '93', '9')]
('Expr', 156) [('write_regs_i', 'token', '201', '50'), ('BusBit', 14)]
('Statements', 32) [('Statement', 46)]
('Expr', 130) [('read_regs_valid_i', 'token', '193', '89'), ('BusBit', 6)]
('Mstuff', 18) [('Assign', 5)]
('Expr', 127) [('Expr', 125), ('==', 'eq_eq', '193', '54'), ('Expr', 126)]
('IntKind', 3) [('logic', 'logic', '54', '12')]
('Expr', 230) [('apu_lat_i', 'token', '225', '58')]
('ExtDir', 6) [('PureExt', 6), ('IntKind', 6)]
('Expr', 65) [("1'b0", 'bin', '128', '26')]
('LSH', 51) [('stall_type', 'token', '225', '18')]
('Expr', 200) [('write_deps_inflight', 'token', '211', '49')]
('Assign', 21) [('assign', 'assign', '215', '7'), ('LSH', 49), ('=', '=', '215', '28'), ('Expr', 223), (';', ';', '215', '84')]
('Header_item', 11) [('ExtDir', 11), ('Width', 4), ('Width', 5), ('read_regs_i', 'token', '70', '50')]
('Header_list', 19) [('Header_list', 18), (',', ',', '80', '51'), ('Header_item', 19)]
('Statement', 50) [('if', 'if', '242', '5'), ('(', '(', '242', '6'), ('Expr', 264), (')', ')', '242', '19'), ('Statement', 49)]
('PureExt', 21) [('input', 'input', '86', '6')]
('LSH', 21) [('valid_waiting_dn', 'token', '149', '26')]
('Module_stuffs', 7) [('Mstuff', 40), ('Module_stuffs', 6)]
('Expr', 210) [('Expr', 208), ('&', '&', '212', '51'), ('Expr', 209)]
('Assign', 15) [('assign', 'assign', '208', '7'), ('LSH', 43), ('=', '=', '208', '28'), ('Expr', 185), (';', ';', '208', '88')]
('Expr', 262) [("1'b1", 'bin', '237', '34')]
('Statement', 20) [('LSH', 22), ('=', '=', '150', '28'), ('Expr', 88), (';', ';', '150', '43')]
('Expr', 51) [('(', '(', '121', '46'), ('Expr', 50), (')', ')', '121', '65')]
('Expr', 52) [('Expr', 49), ('&', '&', '121', '44'), ('Expr', 51)]
('Tokens_list', 30) [('stall_type', 'token', '108', '29'), (',', ',', '108', '30'), ('Tokens_list', 29)]
('GenStatement', 9) [('begin', 'begin', '199', '39'), ('GenStatements', 7), ('end', 'end', '203', '6')]
('Expr', 163) [('i', 'token', '202', '32')]
('Statement', 14) [('LSH', 16), ('=', '=', '141', '28'), ('Expr', 73), (';', ';', '141', '43')]
('IntKind', 35) [('logic', 'logic', '108', '6')]
('When_items', 3) [('When_item', 3)]
('Mstuff', 27) [('Assign', 15)]
('Expr', 186) [('read_deps_waiting', 'token', '209', '47')]
('Expr', 96) [("'0", 'udig', '161', '31')]
('BusBit', 5) [('[', '[', '193', '49'), ('Expr', 124), (']', ']', '193', '51')]
('Expr', 239) [("2'h3", 'hex', '225', '100')]
('Width', 10) [('[', '[', '92', '8'), ('Expr', 19), (':', ':', '92', '10'), ('Expr', 20), (']', ']', '92', '12')]
('Mstuff', 33) [('Assign', 21)]
('Expr', 74) [('addr_inflight', 'token', '142', '42')]
('LSH', 58) [('apu_waddr_o', 'token', '245', '16')]
('Expr', 241) [('(', '(', '225', '90'), ('Expr', 240), (')', ')', '225', '104')]
('Header_item', 18) [('ExtDir', 18), ('perf_cont_o', 'token', '80', '50')]
('ExtDir', 19) [('PureExt', 19), ('IntKind', 19)]
('Statement', 53) [('LSH', 59), ('=', '=', '247', '18'), ('Expr', 269), (';', ';', '247', '32')]
('PureExt', 12) [('input', 'input', '71', '6')]
('LSH', 28) [('addr_waiting_dn', 'token', '161', '22')]
('Expr', 219) [('write_dep_req', 'token', '215', '42')]
('GenStatements', 2) [('GenStatements', 1), ('GenStatement', 2)]
('Assign', 8) [('assign', 'assign', '192', '11'), ('LSH', 35), ('=', '=', '192', '35'), ('Expr', 122), (';', ';', '192', '93')]
('Expr', 271) [('stall_type', 'token', '254', '32')]
('ExtDir', 13) [('PureExt', 13), ('IntKind', 13)]
('Module_stuffs', 45) [('Mstuff', 2), ('Module_stuffs', 44)]
('Statement', 47) [('begin', 'begin', '176', '51'), ('Statements', 32), ('end', 'end', '184', '4')]
('LSH', 6) [('returned_waiting', 'token', '122', '24')]
('Expr', 61) [('rst_ni', 'token', '125', '44')]
('IntKind', 22) [('logic', 'logic', '88', '12')]
('GenStatement', 2) [('Assign', 9)]
('Expr', 273) [('apu_lat', 'token', '257', '37')]
('Expr', 164) [('i', 'token', '202', '52')]
('Statements', 18) [('Statements', 15), ('Statement', 22)]
('Statement', 1) [('LSH', 7), ('<=', 'sm_eq', '127', '24'), ('Expr', 64), (';', ';', '127', '30')]
('Expr', 7) [('2', 'number', '70', '16')]
('Tokens_list', 11) [('returned_waiting', 'token', '96', '70')]
('IntDir', 10) [('IntKind', 32)]
('Expr', 142) [('i', 'token', '199', '23')]
('IntDir', 11) [('IntKind', 33)]
('ExtDir', 11) [('PureExt', 11), ('IntKind', 11)]
('Soft_assign', 1) [('genvar', 'genvar', '191', '14'), ('i', 'token', '191', '16'), ('=', '=', '191', '18'), ('Expr', 110)]
('BusBit', 14) [('[', '[', '201', '51'), ('Expr', 155), (']', ']', '201', '53')]
('Expr', 144) [('Expr', 142), ('<', '<', '199', '25'), ('Expr', 143)]
('Width', 3) [('[', '[', '59', '15'), ('Expr', 5), (':', ':', '59', '17'), ('Expr', 6), (']', ']', '59', '19')]
('Mstuff', 38) [('Assign', 26)]
('Expr', 115) [('i', 'token', '192', '50')]
('Expr', 56) [('valid_waiting', 'token', '122', '41')]
('LSH', 61) [('perf_type_o', 'token', '254', '19')]
('Expr', 250) [('(', '(', '225', '48'), ('Expr', 249), (')', ')', '225', '126')]
('When', 2) [('@', '@', '176', '12'), ('(', '(', '176', '13'), ('When_items', 4), (')', ')', '176', '45')]
('Header_list', 5) [('Header_list', 4), (',', ',', '55', '49'), ('Header_item', 5)]
('Expr', 85) [('!', '!', '148', '29'), ('Expr', 84)]
('PureExt', 3) [('input', 'input', '54', '6')]
('LSH', 39) [('write_deps_req', 'token', '200', '26'), ('BusBit', 10)]
('Expr', 220) [('write_dep_inflight', 'token', '215', '63')]
('Assign', 1) [('assign', 'assign', '111', '7'), ('LSH', 1), ('=', '=', '111', '22'), ('Expr', 35), (';', ';', '111', '61')]
('Header_item', 7) [('ExtDir', 7), ('apu_multicycle_o', 'token', '60', '55')]
('Statement', 38) [('if', 'if', '145', '6'), ('(', '(', '145', '8'), ('Expr', 79), (')', ')', '145', '37'), ('Statement', 27), ('else', 'else', '157', '8'), ('Statement', 37)]
('LSH', 9) [('addr_inflight', 'token', '129', '18')]
('Module_stuffs', 5) [('Mstuff', 42), ('Module_stuffs', 4)]
('Expr', 38) [('apu_master_gnt_i', 'token', '114', '51')]
('Expr', 173) [('|', '|', '207', '30'), ('Expr', 172)]
('Statement', 24) [('LSH', 24), ('=', '=', '154', '28'), ('Expr', 91), (';', ';', '154', '43')]
('Statements', 10) [('Statement', 13)]
('Expr', 8) [('0', 'number', '70', '18')]
('Tokens_list', 18) [('read_deps_inflight', 'token', '103', '47'), (',', ',', '103', '48'), ('Tokens_list', 17)]
('Expr', 183) [('returned_inflight', 'token', '208', '87')]
('Mstuff', 9) [('Definition', 9)]
('Expr', 18) [('0', 'number', '75', '18')]
('Expr', 153) [('Expr', 150), ('&', '&', '200', '73'), ('Expr', 152)]
('Width', 4) [('[', '[', '70', '15'), ('Expr', 7), (':', ':', '70', '17'), ('Expr', 8), (']', ']', '70', '19')]
('Module_stuffs', 25) [('Mstuff', 22), ('Module_stuffs', 24)]
('Expr', 180) [('|', '|', '208', '30'), ('Expr', 179)]
('Expr', 116) [('read_regs_i', 'token', '192', '48'), ('BusBit', 2)]
('GenFor_statement', 2) [('for', 'for', '199', '6'), ('(', '(', '199', '8'), ('Soft_assigns', 3), (';', ';', '199', '21'), ('Expr', 144), (';', ';', '199', '28'), ('Soft_assigns', 4), (')', ')', '199', '33'), ('GenStatement', 9)]
('BusBit', 17) [('[', '[', '202', '51'), ('Expr', 164), (']', ']', '202', '53')]
('Expr', 227) [('enable_i', 'token', '225', '34')]
('Header_list', 14) [('Header_list', 13), (',', ',', '72', '50'), ('Header_item', 14)]
('Statements', 5) [('Statement', 6)]
('Expr', 94) [("'0", 'udig', '159', '31')]
('LSH', 46) [('write_dep_inflight', 'token', '211', '26')]
('Expr', 197) [('returned_req', 'token', '210', '82')]
('Assign', 26) [('assign', 'assign', '232', '7'), ('LSH', 54), ('=', '=', '232', '31'), ('Expr', 261), (';', ';', '232', '42')]
('Mstuff', 10) [('Definition', 10)]
('PureExt', 16) [('output', 'output', '76', '7')]
('LSH', 16) [('valid_waiting_dn', 'token', '141', '20')]
('Expr', 47) [('!', '!', '120', '87'), ('Expr', 46)]
('Expr', 259) [('stall_nack', 'token', '227', '62')]
('AlwaysKind', 4) [('always_comb', 'always_comb', '240', '12')]
('Module_stuffs', 43) [('Mstuff', 4), ('Module_stuffs', 42)]
('Statement', 19) [('LSH', 21), ('=', '=', '149', '28'), ('Expr', 87), (';', ';', '149', '34')]
('IntKind', 12) [('logic', 'logic', '71', '13')]
('Tokens_list', 21) [('write_deps_inflight', 'token', '104', '48'), (',', ',', '104', '49'), ('Tokens_list', 20)]
('IntKind', 24) [('logic', 'logic', '93', '6')]
('Expr', 184) [('!', '!', '208', '70'), ('Expr', 183)]
('Statements', 16) [('Statement', 19)]
('Mstuff', 14) [('Assign', 1)]
('Expr', 27) [('1', 'number', '104', '9')]
('When_items', 4) [('When_items', 3), ('Or_coma', 2), ('When_item', 4)]
('Mstuff', 20) [('Always', 1)]
('Header_list', 6) [('Header_list', 5), (',', ',', '56', '51'), ('Header_item', 6)]
('Module_stuffs', 14) [('Mstuff', 33), ('Module_stuffs', 13)]
('Expr', 228) [('active', 'token', '225', '44')]
('Expr', 71) [('addr_waiting_dn', 'token', '135', '40')]
('IntKind', 7) [('logic', 'logic', '60', '13')]
('LSH', 49) [('write_dep_o', 'token', '215', '19')]
('Expr', 206) [('Expr', 203), ('&', '&', '211', '68'), ('Expr', 205)]
('Assign', 19) [('assign', 'assign', '212', '7'), ('LSH', 47), ('=', '=', '212', '28'), ('Expr', 213), (';', ';', '212', '87')]
('Header_item', 21) [('ExtDir', 21), ('apu_master_gnt_i', 'token', '86', '55')]
('Header_list', 17) [('Header_list', 16), (',', ',', '76', '51'), ('Header_item', 17)]
('Statement', 48) [('LSH', 56), ('=', '=', '241', '16'), ('Expr', 263), (';', ';', '241', '20')]
('LSH', 27) [('addr_inflight_dn', 'token', '160', '23')]
('Expr', 208) [('|', '|', '212', '30'), ('Expr', 207)]
('GenStatements', 7) [('GenStatements', 6), ('GenStatement', 8)]
('Assign', 13) [('assign', 'assign', '202', '11'), ('LSH', 41), ('=', '=', '202', '36'), ('Expr', 171), (';', ';', '202', '96')]
('Expr', 260) [('Expr', 258), ('|', '|', '227', '51'), ('Expr', 259)]
('Statement', 42) [('LSH', 33), ('<=', 'sm_eq', '181', '18'), ('Expr', 109), (';', ';', '181', '29')]
('Module_stuffs', 3) [('Mstuff', 44), ('Module_stuffs', 2)]
('Expr', 58) [('(', '(', '122', '46'), ('Expr', 57), (')', ')', '122', '65')]
('Tokens_list', 28) [('write_dep_req', 'token', '106', '26'), (',', ',', '106', '27'), ('Tokens_list', 27)]
('GenStatement', 7) [('Assign', 12)]
('Expr', 161) [('write_regs_valid_i', 'token', '201', '92'), ('BusBit', 15)]
('Statement', 12) [('begin', 'begin', '125', '51'), ('Statements', 9), ('end', 'end', '137', '4')]
('Statements', 8) [('Statements', 7), ('Statement', 9)]
('Expr', 28) [('0', 'number', '104', '11')]
('Tokens_list', 6) [('valid_waiting', 'token', '94', '61')]
('Expr', 139) [('read_regs_valid_i', 'token', '194', '89'), ('BusBit', 9)]
('Mstuff', 29) [('Assign', 17)]
('Expr', 102) [('Expr', 100), ('|', '|', '173', '33'), ('Expr', 101)]
('BusBit', 3) [('[', '[', '192', '90'), ('Expr', 120), (']', ']', '192', '92')]
('Or_coma', 2) [('or', 'or', '176', '29')]
('Expr', 237) [('(', '(', '225', '70'), ('Expr', 236), (')', ')', '225', '86')]
('Width', 8) [('[', '[', '74', '20'), ('Expr', 15), (':', ':', '74', '22'), ('Expr', 16), (']', ']', '74', '24')]
('Mstuff', 35) [('Assign', 23)]
('Main', 1) [('Mains', 1)]
('Module_stuffs', 20) [('Mstuff', 27), ('Module_stuffs', 19)]
('Expr', 72) [('valid_inflight', 'token', '140', '43')]
('LSH', 56) [('apu_waddr_o', 'token', '241', '14')]
('Expr', 247) [('Expr', 245), ('==', 'eq_eq', '225', '120'), ('Expr', 246)]
('ExtDir', 21) [('PureExt', 21), ('IntKind', 21)]
('IntKind', 33) [('logic', 'logic', '105', '6')]
('Expr', 82) [('valid_inflight', 'token', '148', '25')]
('PureExt', 14) [('input', 'input', '74', '6')]
('LSH', 34) [('i', 'token', '191', '30')]
('Expr', 217) [('read_dep_waiting', 'token', '214', '82')]
('Assign', 6) [('assign', 'assign', '122', '7'), ('LSH', 6), ('=', '=', '122', '27'), ('Expr', 59), (';', ';', '122', '66')]
('Mstuff', 8) [('Definition', 8)]
('Statement', 45) [('begin', 'begin', '179', '17'), ('Statements', 31), ('end', 'end', '183', '6')]
('Module_stuffs', 38) [('Mstuff', 9), ('Module_stuffs', 37)]
('LSH', 4) [('returned_req', 'token', '120', '20')]
('IntKind', 30) [('logic', 'logic', '100', '6')]
('Assign', 32) [('assign', 'assign', '258', '7'), ('LSH', 64), ('=', '=', '258', '27'), ('Expr', 281), (';', ';', '258', '62')]
('Expr', 279) [('Expr', 277), ('|', '|', '258', '46'), ('Expr', 278)]
('Expr', 170) [('write_regs_valid_i', 'token', '202', '92'), ('BusBit', 18)]
('Module_stuffs', 24) [('Mstuff', 23), ('Module_stuffs', 23)]
('Module_stuffs', 41) [('Mstuff', 6), ('Module_stuffs', 40)]
('Statement', 7) [('LSH', 12), ('<=', 'sm_eq', '133', '24'), ('Expr', 69), (';', ';', '133', '42')]
('Expr', 5) [('5', 'number', '59', '16')]
('Tokens_list', 9) [('valid_waiting_dn', 'token', '95', '56')]
('IntKind', 26) [('logic', 'logic', '95', '6')]
('Expr', 140) [('Expr', 137), ('&', '&', '194', '71'), ('Expr', 139)]
('Statements', 22) [('Statement', 28)]
('IntDir', 9) [('IntKind', 31)]
('Expr', 111) [('i', 'token', '191', '23')]
('Soft_assign', 3) [('genvar', 'genvar', '199', '14'), ('i', 'token', '199', '16'), ('=', '=', '199', '18'), ('Expr', 141)]
('BusBit', 12) [('[', '[', '200', '93'), ('Expr', 151), (']', ']', '200', '95')]
('Header_list', 9) [('Header_list', 8), (',', ',', '61', '57'), ('Header_item', 9)]
('Width', 1) [('[', '[', '55', '14'), ('Expr', 1), (':', ':', '55', '16'), ('Expr', 2), (']', ']', '55', '18')]
('Mstuff', 40) [('Always', 4)]
('Expr', 113) [('Expr', 111), ('<', '<', '191', '25'), ('Expr', 112)]
('Module_stuffs', 12) [('Mstuff', 35), ('Module_stuffs', 11)]
('Expr', 248) [('(', '(', '225', '109'), ('Expr', 247), (')', ')', '225', '125')]
('ExtDir', 12) [('PureExt', 12), ('IntKind', 12)]
('Expr', 91) [('addr_inflight', 'token', '154', '42')]
('PureExt', 5) [('input', 'input', '56', '6')]
('IntKind', 9) [('logic', 'logic', '64', '13')]
('LSH', 37) [('read_deps_waiting', 'token', '194', '29'), ('BusBit', 7)]
('Expr', 194) [('|', '|', '210', '30'), ('Expr', 193)]
('Assign', 31) [('assign', 'assign', '257', '7'), ('LSH', 63), ('=', '=', '257', '27'), ('Expr', 276), (';', ';', '257', '47')]
('Header_item', 1) [('ExtDir', 1), ('clk_i', 'token', '50', '44')]
('Statement', 36) [('if', 'if', '163', '11'), ('(', '(', '163', '13'), ('Expr', 97), (')', ')', '163', '30'), ('Statement', 35)]
('LSH', 15) [('valid_inflight_dn', 'token', '140', '21')]
('Expr', 36) [('apu_waddr_i', 'token', '112', '34')]
('Expr', 280) [('(', '(', '258', '30'), ('Expr', 279), (')', ')', '258', '61')]
('AlwaysKind', 1) [('always_ff', 'always_ff', '125', '10')]
('Statement', 30) [('LSH', 27), ('=', '=', '160', '28'), ('Expr', 95), (';', ';', '160', '32')]
('Module_stuffs', 1) []
('Statements', 9) [('Statement', 11)]
('Tokens_list', 16) [('apu_lat', 'token', '100', '28')]
('Definition', 13) [('IntDir', 13), ('Tokens_list', 31), (';', ';', '108', '42')]
('Always', 3) [('AlwaysKind', 3), ('When', 2), ('Statement', 47)]
('Mstuff', 11) [('Definition', 11)]
('Header', 1) [('(', '(', '49', '22'), ('Header_list', 22), (')', ')', '90', '2'), (';', ';', '90', '3')]
('Expr', 16) [('0', 'number', '74', '23')]
('Expr', 123) [('i', 'token', '193', '32')]
('Expr', 159) [('(', '(', '201', '38'), ('Expr', 158), (')', ')', '201', '71')]
('Mstuff', 17) [('Assign', 4)]
('Expr', 122) [('Expr', 119), ('&', '&', '192', '71'), ('Expr', 121)]
('Expr', 225) [('valid_waiting', 'token', '221', '56')]
('Header_list', 12) [('Header_list', 11), (',', ',', '70', '51'), ('Header_item', 12)]
('Expr', 176) [('returned_req', 'token', '207', '82')]
('Expr', 92) [('returned_inflight', 'token', '157', '30')]
('LSH', 44) [('read_dep_waiting', 'token', '209', '24')]
('Expr', 203) [('Expr', 201), ('&', '&', '211', '51'), ('Expr', 202)]
('IntKind', 17) [('logic', 'logic', '79', '13')]
('Assign', 24) [('assign', 'assign', '226', '7'), ('LSH', 52), ('=', '=', '226', '25'), ('Expr', 255), (';', ';', '226', '56')]
('Header_item', 8) [('ExtDir', 8), ('apu_singlecycle_o', 'token', '61', '56')]
('Header_list', 22) [('Header_list', 21), (',', ',', '86', '56'), ('Header_item', 22)]
('Expr', 30) [('stall_full', 'token', '111', '46')]
('Statements', 24) [('Statements', 23), ('Statement', 30)]
('PureExt', 18) [('output', 'output', '80', '7')]
('LSH', 22) [('addr_waiting_dn', 'token', '150', '25')]
('Module_stuffs', 39) [('Mstuff', 8), ('Module_stuffs', 38)]
('Expr', 45) [('Expr', 42), ('&', '&', '120', '67'), ('Expr', 44)]
('Mstuff', 6) [('Definition', 6)]
('Expr', 37) [('valid_req', 'token', '114', '32')]
('Statement', 17) [('LSH', 19), ('=', '=', '146', '28'), ('Expr', 80), (';', ';', '146', '34')]
('Header_list', 13) [('Header_list', 12), (',', ',', '71', '57'), ('Header_item', 13)]
('Tokens_list', 27) [('write_dep_inflight', 'token', '106', '47'), (',', ',', '106', '48'), ('Tokens_list', 26)]
('Definition', 6) [('IntDir', 6), ('Tokens_list', 14), (';', ';', '98', '34')]
('Always', 4) [('AlwaysKind', 4), ('Statement', 55)]
('Expr', 133) [('i', 'token', '194', '50')]
('Statement', 11) [('if', 'if', '126', '5'), ('(', '(', '126', '6'), ('Expr', 63), (')', ')', '126', '14'), ('Statement', 5), ('else', 'else', '131', '11'), ('Statement', 10)]
('Expr', 25) [('2', 'number', '103', '9')]
('IntKind', 28) [('logic', 'logic', '98', '6')]
('Expr', 128) [('(', '(', '193', '37'), ('Expr', 127), (')', ')', '193', '69')]
('Expr', 19) [('5', 'number', '92', '9')]
('Mstuff', 22) [('Assign', 7)]
('Module_stuffs', 32) [('Mstuff', 15), ('Module_stuffs', 31)]
('Expr', 99) [("'0", 'udig', '165', '31')]
('Expr', 234) [('apu_lat_i', 'token', '225', '79')]
('Expr', 69) [('valid_waiting_dn', 'token', '133', '41')]
('LSH', 55) [('apu_master_ready_o', 'token', '237', '26')]
('Module_stuffs', 10) [('Mstuff', 37), ('Module_stuffs', 9)]
('Expr', 204) [('returned_inflight', 'token', '211', '87')]
('Assign', 17) [('assign', 'assign', '210', '7'), ('LSH', 45), ('=', '=', '210', '28'), ('Expr', 199), (';', ';', '210', '83')]
('ExtDir', 16) [('PureExt', 16), ('IntKind', 16)]
('Statement', 54) [('if', 'if', '246', '5'), ('(', '(', '246', '6'), ('Expr', 268), (')', ')', '246', '23'), ('Statement', 53)]
('PureExt', 9) [('output', 'output', '64', '7')]
('IntKind', 11) [('logic', 'logic', '70', '13')]
('LSH', 25) [('valid_inflight_dn', 'token', '158', '24')]
('Expr', 214) [('read_dep_req', 'token', '214', '41')]
('GenStatements', 5) [('GenStatement', 6)]
('Assign', 11) [('assign', 'assign', '200', '11'), ('LSH', 39), ('=', '=', '200', '36'), ('Expr', 153), (';', ';', '200', '96')]
('Expr', 266) [('returned_inflight', 'token', '244', '23')]
('Generate', 1) [('generate', 'generate', '190', '9'), ('GenStatements', 4), ('endgenerate', 'endgenerate', '196', '12')]
('ExtDir', 1) [('PureExt', 1), ('IntKind', 1)]
('LSH', 3) [('req_accepted', 'token', '114', '20')]
('IntKind', 5) [('logic', 'logic', '56', '12')]
('GenStatement', 5) [('GenFor_statement', 1)]
('Expr', 167) [('Expr', 165), ('==', 'eq_eq', '202', '56'), ('Expr', 166)]
('Statement', 2) [('LSH', 8), ('<=', 'sm_eq', '128', '24'), ('Expr', 65), (';', ';', '128', '30')]
('Expr', 189) [('Expr', 187), ('&', '&', '209', '51'), ('Expr', 188)]
('Expr', 2) [('0', 'number', '55', '17')]
('Tokens_list', 4) [('addr_waiting_dn', 'token', '93', '54')]
('Expr', 137) [('(', '(', '194', '37'), ('Expr', 136), (')', ')', '194', '68')]
('Mstuff', 31) [('Assign', 19)]
('Soft_assigns', 2) [('Soft_assign', 2)]
('Statements', 12) [('Statements', 11), ('Statement', 15)]
('Expr', 100) [('valid_inflight', 'token', '173', '31')]
('Soft_assign', 4) [('LSH', 38), ('++', 'plusplus', '199', '32')]
('BusBit', 1) [('[', '[', '192', '26'), ('Expr', 114), (']', ']', '192', '28')]
('Expr', 147) [('write_regs_i', 'token', '200', '50'), ('BusBit', 11)]
('Width', 14) [('[', '[', '104', '8'), ('Expr', 27), (':', ':', '104', '10'), ('Expr', 28), (']', ']', '104', '12')]
('Mstuff', 37) [('Assign', 25)]
('Expr', 78) [('!', '!', '145', '24'), ('Expr', 77)]
('Expr', 269) [('addr_waiting', 'token', '247', '31')]
('Expr', 245) [('apu_lat_i', 'token', '225', '118')]
('Module_stuffs', 28) [('Mstuff', 19), ('Module_stuffs', 27)]
('Expr', 178) [('Expr', 175), ('&', '&', '207', '68'), ('Expr', 177)]
('Expr', 80) [("1'b1", 'bin', '146', '30')]
('LSH', 32) [('apu_lat', 'token', '178', '12')]
('Expr', 223) [('Expr', 221), ('|', '|', '215', '65'), ('Expr', 222)]
('IntKind', 19) [('logic', 'logic', '84', '13')]
('Assign', 4) [('assign', 'assign', '120', '7'), ('LSH', 4), ('=', '=', '120', '27'), ('Expr', 48), (';', ';', '120', '101')]
('Header_item', 4) [('ExtDir', 4), ('Width', 1), ('apu_lat_i', 'token', '55', '48')]
('Statements', 31) [('Statement', 44)]
('Statement', 35) [('begin', 'begin', '163', '36'), ('Statements', 27), ('end', 'end', '166', '7')]
('LSH', 10) [('addr_waiting', 'token', '130', '17')]
('Expr', 33) [('(', '(', '111', '36'), ('Expr', 32), (')', ')', '111', '60')]
('Expr', 277) [('valid_inflight', 'token', '258', '44')]
('Expr', 168) [('(', '(', '202', '38'), ('Expr', 167), (')', ')', '202', '70')]
('Statement', 5) [('begin', 'begin', '126', '20'), ('Statements', 4), ('end', 'end', '131', '6')]
('Expr', 11) [('2', 'number', '71', '16')]
('Tokens_list', 15) [('active', 'token', '99', '27')]
('Definition', 10) [('IntDir', 10), ('Width', 14), ('Tokens_list', 22), (';', ';', '104', '69')]
('Expr', 135) [('addr_waiting', 'token', '194', '67')]
('Mstuff', 4) [('Definition', 4)]
