mmmmmmmmmmmmmmmmmmmmmmmmmmm 
reading file33.v file
info: yacc step0
info: yacc step1
info: exit state 0 1
info: yacc step2
info: yacc step3
info: addmodule riscv_cs_registers (['riscv_cs_registers'])
>>>>>>>> mpp (1, 0)
>>>>>>>> mpie (2, 2)
>>>>>>>> upie (3, 3)
>>>>>>>> mie (4, 4)
>>>>>>>> uie (5, 5)
>>>>>>>> mpp (1, 0)
>>>>>>>> mpie (2, 2)
>>>>>>>> upie (3, 3)
>>>>>>>> mie (4, 4)
>>>>>>>> uie (5, 5)
>>>>>>>> mpp (1, 0)
>>>>>>>> mpie (2, 2)
>>>>>>>> upie (3, 3)
>>>>>>>> mie (4, 4)
>>>>>>>> uie (5, 5)
>>>>>>>> mpp (1, 0)
>>>>>>>> mpie (2, 2)
>>>>>>>> upie (3, 3)
>>>>>>>> mie (4, 4)
>>>>>>>> uie (5, 5)
>>>>>>>> mpp (1, 0)
>>>>>>>> mpie (2, 2)
>>>>>>>> upie (3, 3)
>>>>>>>> mie (4, 4)
>>>>>>>> uie (5, 5)
>>>>>>>> mpp (1, 0)
>>>>>>>> mpie (2, 2)
>>>>>>>> upie (3, 3)
>>>>>>>> mie (4, 4)
>>>>>>>> uie (5, 5)
>>>>>>>> mpp (1, 0)
>>>>>>>> mpie (2, 2)
>>>>>>>> upie (3, 3)
>>>>>>>> mie (4, 4)
>>>>>>>> uie (5, 5)
>>>>>>>> mpp (1, 0)
>>>>>>>> mpie (2, 2)
>>>>>>>> upie (3, 3)
>>>>>>>> mie (4, 4)
>>>>>>>> uie (5, 5)
>>>>>>>> mpp (1, 0)
>>>>>>>> mpie (2, 2)
>>>>>>>> upie (3, 3)
>>>>>>>> mie (4, 4)
>>>>>>>> uie (5, 5)
>>>>>>>> mpp (1, 0)
>>>>>>>> mpie (2, 2)
>>>>>>>> upie (3, 3)
>>>>>>>> mie (4, 4)
>>>>>>>> uie (5, 5)
>>>>>>>> mpp (1, 0)
>>>>>>>> mpie (2, 2)
>>>>>>>> upie (3, 3)
>>>>>>>> mie (4, 4)
>>>>>>>> uie (5, 5)
>>>>>>>> mpp (1, 0)
>>>>>>>> mpie (2, 2)
>>>>>>>> upie (3, 3)
>>>>>>>> mie (4, 4)
>>>>>>>> uie (5, 5)
>>>>>>>> mpp (1, 0)
>>>>>>>> mpie (2, 2)
>>>>>>>> upie (3, 3)
>>>>>>>> mie (4, 4)
>>>>>>>> uie (5, 5)
>>>>>>>> mpp (1, 0)
>>>>>>>> mpie (2, 2)
>>>>>>>> upie (3, 3)
>>>>>>>> mie (4, 4)
>>>>>>>> uie (5, 5)
>>>>>>>> mpp (1, 0)
>>>>>>>> mpie (2, 2)
>>>>>>>> upie (3, 3)
>>>>>>>> mie (4, 4)
>>>>>>>> uie (5, 5)
>>>>>>>> mpp (1, 0)
>>>>>>>> mpie (2, 2)
>>>>>>>> upie (3, 3)
>>>>>>>> mie (4, 4)
>>>>>>>> uie (5, 5)
>>>>>>>> mpp (1, 0)
>>>>>>>> mpie (2, 2)
>>>>>>>> upie (3, 3)
>>>>>>>> mie (4, 4)
>>>>>>>> uie (5, 5)
>>>>>>>> mpp (1, 0)
>>>>>>>> mpie (2, 2)
>>>>>>>> upie (3, 3)
>>>>>>>> mie (4, 4)
>>>>>>>> uie (5, 5)
>>>>>>>> mpp (1, 0)
>>>>>>>> mpie (2, 2)
>>>>>>>> upie (3, 3)
>>>>>>>> mie (4, 4)
>>>>>>>> uie (5, 5)
>>>>>>>> mpp (1, 0)
>>>>>>>> mpie (2, 2)
>>>>>>>> upie (3, 3)
>>>>>>>> mie (4, 4)
>>>>>>>> uie (5, 5)
>>>>>>>> mpp (1, 0)
>>>>>>>> mpie (2, 2)
>>>>>>>> upie (3, 3)
>>>>>>>> mie (4, 4)
>>>>>>>> uie (5, 5)
>>>>>>>> mpp (1, 0)
>>>>>>>> mpie (2, 2)
>>>>>>>> upie (3, 3)
>>>>>>>> mie (4, 4)
>>>>>>>> uie (5, 5)
>>>>>>>> mpp (1, 0)
>>>>>>>> mpie (2, 2)
>>>>>>>> upie (3, 3)
>>>>>>>> mie (4, 4)
>>>>>>>> uie (5, 5)
>>>>>>>> mpp (1, 0)
>>>>>>>> mpie (2, 2)
>>>>>>>> upie (3, 3)
>>>>>>>> mie (4, 4)
>>>>>>>> uie (5, 5)
>>>>>>>> mpp (1, 0)
>>>>>>>> mpie (2, 2)
>>>>>>>> upie (3, 3)
>>>>>>>> mie (4, 4)
>>>>>>>> uie (5, 5)
>>>>>>>> mpp (1, 0)
>>>>>>>> mpie (2, 2)
>>>>>>>> upie (3, 3)
>>>>>>>> mie (4, 4)
>>>>>>>> uie (5, 5)
>>>>>>>> mpp (1, 0)
>>>>>>>> mpie (2, 2)
>>>>>>>> upie (3, 3)
>>>>>>>> mie (4, 4)
>>>>>>>> uie (5, 5)
>>>>>>>> mpp (1, 0)
>>>>>>>> mpie (2, 2)
>>>>>>>> upie (3, 3)
>>>>>>>> mie (4, 4)
>>>>>>>> uie (5, 5)
>>>>>>>> mpp (1, 0)
>>>>>>>> mpie (2, 2)
>>>>>>>> upie (3, 3)
>>>>>>>> mie (4, 4)
>>>>>>>> uie (5, 5)
>>>>>>>> mpp (1, 0)
>>>>>>>> mpie (2, 2)
>>>>>>>> upie (3, 3)
>>>>>>>> mie (4, 4)
>>>>>>>> uie (5, 5)
>>>>>>>> mpp (1, 0)
>>>>>>>> mpie (2, 2)
>>>>>>>> upie (3, 3)
>>>>>>>> mie (4, 4)
>>>>>>>> uie (5, 5)
>>>>>>>> mpp (1, 0)
>>>>>>>> mpie (2, 2)
>>>>>>>> upie (3, 3)
>>>>>>>> mie (4, 4)
>>>>>>>> uie (5, 5)
>>>>>>>> mpp (1, 0)
>>>>>>>> mpie (2, 2)
>>>>>>>> upie (3, 3)
>>>>>>>> mie (4, 4)
>>>>>>>> uie (5, 5)
>>>>>>>> mpp (1, 0)
>>>>>>>> mpie (2, 2)
>>>>>>>> upie (3, 3)
>>>>>>>> mie (4, 4)
>>>>>>>> uie (5, 5)
>>>>>>>> mpp (1, 0)
>>>>>>>> mpie (2, 2)
>>>>>>>> upie (3, 3)
>>>>>>>> mie (4, 4)
>>>>>>>> uie (5, 5)
>>>>>>>> mpp (1, 0)
>>>>>>>> mpie (2, 2)
>>>>>>>> upie (3, 3)
>>>>>>>> mie (4, 4)
>>>>>>>> uie (5, 5)
>>>>>>>> mpp (1, 0)
>>>>>>>> mpie (2, 2)
>>>>>>>> upie (3, 3)
>>>>>>>> mie (4, 4)
>>>>>>>> uie (5, 5)
>>>>>>>> mpp (1, 0)
>>>>>>>> mpie (2, 2)
>>>>>>>> upie (3, 3)
>>>>>>>> mie (4, 4)
>>>>>>>> uie (5, 5)
>>>>>>>> mpp (1, 0)
>>>>>>>> mpie (2, 2)
>>>>>>>> upie (3, 3)
>>>>>>>> mie (4, 4)
>>>>>>>> uie (5, 5)
>>>>>>>> mpp (1, 0)
>>>>>>>> mpie (2, 2)
>>>>>>>> upie (3, 3)
>>>>>>>> mie (4, 4)
>>>>>>>> uie (5, 5)
>>>>>>>> mpp (1, 0)
>>>>>>>> mpie (2, 2)
>>>>>>>> upie (3, 3)
>>>>>>>> mie (4, 4)
>>>>>>>> uie (5, 5)
>>>>>>>> mpp (1, 0)
>>>>>>>> mpie (2, 2)
>>>>>>>> upie (3, 3)
>>>>>>>> mie (4, 4)
>>>>>>>> uie (5, 5)
>>>>>>>> mpp (1, 0)
>>>>>>>> mpie (2, 2)
>>>>>>>> upie (3, 3)
>>>>>>>> mie (4, 4)
>>>>>>>> uie (5, 5)
>>>>>>>> mpp (1, 0)
>>>>>>>> mpie (2, 2)
>>>>>>>> upie (3, 3)
>>>>>>>> mie (4, 4)
>>>>>>>> uie (5, 5)
>>>>>>>> mpp (1, 0)
>>>>>>>> mpie (2, 2)
>>>>>>>> upie (3, 3)
>>>>>>>> mie (4, 4)
>>>>>>>> uie (5, 5)
>>>>>>>> mpp (1, 0)
>>>>>>>> mpie (2, 2)
>>>>>>>> upie (3, 3)
>>>>>>>> mie (4, 4)
>>>>>>>> uie (5, 5)
>>>>>>>> mpp (1, 0)
>>>>>>>> mpie (2, 2)
>>>>>>>> upie (3, 3)
>>>>>>>> mie (4, 4)
>>>>>>>> uie (5, 5)
>>>>>>>> mpp (1, 0)
>>>>>>>> mpie (2, 2)
>>>>>>>> upie (3, 3)
>>>>>>>> mie (4, 4)
>>>>>>>> uie (5, 5)
>>>>>>>> mpp (1, 0)
>>>>>>>> mpie (2, 2)
>>>>>>>> upie (3, 3)
>>>>>>>> mie (4, 4)
>>>>>>>> uie (5, 5)
>>>>>>>> mpp (1, 0)
>>>>>>>> mpie (2, 2)
>>>>>>>> upie (3, 3)
>>>>>>>> mie (4, 4)
>>>>>>>> uie (5, 5)
>>>>>>>> mpp (1, 0)
>>>>>>>> mpie (2, 2)
>>>>>>>> upie (3, 3)
>>>>>>>> mie (4, 4)
>>>>>>>> uie (5, 5)
>>>>>>>> mpp (1, 0)
>>>>>>>> mpie (2, 2)
>>>>>>>> upie (3, 3)
>>>>>>>> mie (4, 4)
>>>>>>>> uie (5, 5)
>>>>>>>> mpp (1, 0)
>>>>>>>> mpie (2, 2)
>>>>>>>> upie (3, 3)
>>>>>>>> mie (4, 4)
>>>>>>>> uie (5, 5)
>>>>>>>> mpp (1, 0)
>>>>>>>> mpie (2, 2)
>>>>>>>> upie (3, 3)
>>>>>>>> mie (4, 4)
>>>>>>>> uie (5, 5)
locals ['riscv_cs_registers']
